2.3052 	WARNING 	We strongly recommend you activate the PTB sound engine in PsychoPy prefs as the preferred audio engine. Its timing is vastly superior. Your prefs are currently set to use ['sounddevice', 'PTB', 'pyo', 'pygame'] (in that order).
77.3569 	WARNING 	User requested fullscreen with size [1024  768], but screen is actually [1366, 768]. Using actual size
80.2520 	EXP 	Created window1 = Window(allowGUI=False, allowStencil=False, autoLog=True, backendConf=UNKNOWN, bitsMode=UNKNOWN, blendMode='avg', bpc=(8, 8, 8), color=array([0, 0, 0]), colorSpace='rgb', depthBits=8, fullscr=<method-wrapper '__getattribute__' of attributeSetter object at 0x000002B5A20D5550>, gamma=None, gammaErrorPolicy='raise', lms=UNKNOWN, monitor=<psychopy.monitors.calibTools.Monitor object at 0x000002B5A21A7EB8>, multiSample=False, name='window1', numSamples=2, pos=[0.0, 0.0], screen=0, size=array([1366,  768]), stencilBits=0, stereo=False, units='height', useFBO=True, useRetina=False, viewOri=0.0, viewPos=None, viewScale=None, waitBlanking=True, winType='pyglet')
80.2523 	EXP 	window1: mouseVisible = True
80.2524 	EXP 	window1: recordFrameIntervals = False
80.4184 	EXP 	window1: recordFrameIntervals = True
80.6016 	EXP 	window1: recordFrameIntervals = False
80.6650 	EXP 	Created fixation = ShapeStim(__class__=<class 'psychopy.visual.shape.ShapeStim'>, autoDraw=False, autoLog=True, closeShape=True, color=method-wrapper(...), colorSpace='rgb', contrast=None, depth=0.0, fillColor=array([1, 1, 1]), fillColorSpace='rgb', fillRGB=UNKNOWN, interpolate=True, lineColor=array([1, 1, 1]), lineColorSpace='rgb', lineRGB=UNKNOWN, lineWidth=1.0, name='fixation', opacity=1, ori=0.0, pos=array([0., 0.]), size=array([0.2, 0.2]), units='height', vertices=ndarray(...), win=Window(...), windingRule=None)
80.6664 	EXP 	Created fixation_2 = ShapeStim(__class__=<class 'psychopy.visual.shape.ShapeStim'>, autoDraw=False, autoLog=True, closeShape=True, color=method-wrapper(...), colorSpace='rgb', contrast=None, depth=-1.0, fillColor=array([-1.    ,  0.0039, -1.    ]), fillColorSpace='rgb', fillRGB=UNKNOWN, interpolate=True, lineColor=array([-1.    ,  0.0039, -1.    ]), lineColorSpace='rgb', lineRGB=UNKNOWN, lineWidth=1.0, name='fixation_2', opacity=1, ori=0.0, pos=array([0., 0.]), size=array([0.2, 0.2]), units='height', vertices=ndarray(...), win=Window(...), windingRule=None)
81.8949 	EXP 	Sound sound_1 set volume 1.000
82.2890 	EXP 	Created text = TextStim(__class__=<class 'psychopy.visual.text.TextStim'>, alignHoriz=method-wrapper(...), alignText='center', alignVert=method-wrapper(...), anchorHoriz='center', anchorVert='center', antialias=True, autoLog=True, bold=False, color=array([1, 1, 1]), colorSpace='rgb', contrast=1.0, depth=0.0, flipHoriz=False, flipVert=False, font='Open Sans', fontFiles=[], height=0.05, italic=False, languageStyle='LTR', name='text', opacity=1, ori=0.0, pos=array([0. , 0.3]), rgb=UNKNOWN, text=str(...), units='height', win=Window(...), wrapWidth=1)
82.3587 	EXP 	window1: mouseVisible = True
82.3804 	EXP 	Imported conditions.xlsx as conditions, 12 conditions, 3 params
82.3810 	EXP 	Created sequence: random, trialTypes=12, nReps=5, seed=None
82.3815 	EXP 	New trial (rep=0, index=0): {'delay': 0.4, 'freq': 1000, 'condition': 'exp'}
82.4160 	EXP 	textbox: autoLog = True
82.4160 	EXP 	fixation: autoDraw = True
83.3844 	EXP 	fixation_2: autoDraw = True
83.4177 	EXP 	fixation: autoDraw = False
84.2094 	DATA 	Keypress: space
84.2176 	EXP 	fixation: autoDraw = False
84.2176 	EXP 	fixation_2: autoDraw = False
84.9009 	EXP 	text: autoDraw = True
84.9009 	EXP 	textbox: autoDraw = True
90.3250 	DATA 	Keypress: 5
90.4677 	DATA 	Keypress: 0
90.6087 	DATA 	Keypress: 0
95.1424 	DATA 	Mouse: Left button down, pos=(654,154)
95.1538 	EXP 	New trial (rep=0, index=1): {'delay': 0.7, 'freq': 1000, 'condition': 'exp'}
95.1668 	EXP 	text: autoDraw = False
95.1668 	EXP 	textbox: autoDraw = False
95.1668 	EXP 	fixation: autoDraw = True
95.3207 	DATA 	Mouse:  Left button up, pos=(654,154)
96.1500 	EXP 	fixation_2: autoDraw = True
96.1669 	EXP 	fixation: autoDraw = False
100.3568 	DATA 	Keypress: space
100.3676 	EXP 	fixation: autoDraw = False
100.3676 	EXP 	fixation_2: autoDraw = False
101.3495 	EXP 	text: autoDraw = True
101.3495 	EXP 	textbox: autoDraw = True
106.6403 	DATA 	Keypress: 8
106.7994 	DATA 	Keypress: 0
106.9328 	DATA 	Keypress: 0
107.6827 	DATA 	Keypress: return
109.3734 	DATA 	Keypress: backspace
110.8571 	DATA 	Mouse: Left button down, pos=(624,138)
110.8699 	EXP 	New trial (rep=0, index=2): {'delay': 0.7, 'freq': 400, 'condition': 'unexp'}
110.8820 	EXP 	text: autoDraw = False
110.8820 	EXP 	textbox: autoDraw = False
110.8820 	EXP 	fixation: autoDraw = True
111.0356 	DATA 	Mouse:  Left button up, pos=(624,138)
111.8652 	EXP 	fixation_2: autoDraw = True
111.8818 	EXP 	fixation: autoDraw = False
113.3384 	DATA 	Keypress: space
113.3484 	EXP 	fixation: autoDraw = False
113.3484 	EXP 	fixation_2: autoDraw = False
114.3317 	EXP 	text: autoDraw = True
114.3317 	EXP 	textbox: autoDraw = True
117.3322 	DATA 	Keypress: 3
117.5819 	DATA 	Keypress: 0
117.7154 	DATA 	Keypress: 0
119.8902 	DATA 	Mouse: Left button down, pos=(649,137)
119.9016 	EXP 	New trial (rep=0, index=3): {'delay': 0.4, 'freq': 400, 'condition': 'unexp'}
119.9146 	EXP 	text: autoDraw = False
119.9146 	EXP 	textbox: autoDraw = False
119.9146 	EXP 	fixation: autoDraw = True
120.0513 	DATA 	Mouse:  Left button up, pos=(649,137)
120.8978 	EXP 	fixation_2: autoDraw = True
120.9144 	EXP 	fixation: autoDraw = False
124.6383 	DATA 	Keypress: space
124.6474 	EXP 	fixation: autoDraw = False
124.6474 	EXP 	fixation_2: autoDraw = False
125.3308 	EXP 	text: autoDraw = True
125.3308 	EXP 	textbox: autoDraw = True
126.0646 	DATA 	Keypress: 6
126.4145 	DATA 	Keypress: 0
126.5390 	DATA 	Keypress: 0
130.7309 	DATA 	Keypress: backspace
130.8889 	DATA 	Keypress: backspace
131.0396 	DATA 	Keypress: backspace
133.1386 	DATA 	Keypress: 2
133.4710 	DATA 	Keypress: 0
133.5882 	DATA 	Keypress: 0
134.8637 	DATA 	Mouse: Left button down, pos=(665,133)
134.8673 	EXP 	New trial (rep=0, index=4): {'delay': 0.7, 'freq': 1000, 'condition': 'exp'}
134.8799 	EXP 	text: autoDraw = False
134.8799 	EXP 	textbox: autoDraw = False
134.8799 	EXP 	fixation: autoDraw = True
135.0334 	DATA 	Mouse:  Left button up, pos=(665,133)
135.8633 	EXP 	fixation_2: autoDraw = True
135.8798 	EXP 	fixation: autoDraw = False
136.1031 	DATA 	Keypress: space
136.1132 	EXP 	fixation: autoDraw = False
136.1132 	EXP 	fixation_2: autoDraw = False
137.0966 	EXP 	text: autoDraw = True
137.0966 	EXP 	textbox: autoDraw = True
138.7970 	DATA 	Keypress: 8
138.9633 	DATA 	Keypress: 0
139.0713 	DATA 	Keypress: 0
140.1539 	DATA 	Mouse: Left button down, pos=(608,170)
140.1669 	EXP 	New trial (rep=0, index=5): {'delay': 0.1, 'freq': 1000, 'condition': 'exp'}
140.1794 	EXP 	text: autoDraw = False
140.1794 	EXP 	textbox: autoDraw = False
140.1794 	EXP 	fixation: autoDraw = True
140.3169 	DATA 	Mouse:  Left button up, pos=(608,170)
141.1626 	EXP 	fixation_2: autoDraw = True
141.1793 	EXP 	fixation: autoDraw = False
142.4029 	DATA 	Keypress: space
142.4126 	EXP 	fixation: autoDraw = False
142.4126 	EXP 	fixation_2: autoDraw = False
142.7963 	EXP 	text: autoDraw = True
142.7963 	EXP 	textbox: autoDraw = True
147.0626 	DATA 	Keypress: 6
147.2794 	DATA 	Keypress: 0
147.4368 	DATA 	Keypress: 0
149.1291 	DATA 	Keypress: backspace
149.2624 	DATA 	Keypress: backspace
149.4124 	DATA 	Keypress: backspace
149.9459 	DATA 	Keypress: 7
150.3704 	DATA 	Keypress: 5
150.5703 	DATA 	Keypress: 0
151.4458 	DATA 	Mouse: Left button down, pos=(698,129)
151.4487 	EXP 	New trial (rep=0, index=6): {'delay': 0.4, 'freq': 1000, 'condition': 'exp'}
151.4618 	EXP 	text: autoDraw = False
151.4618 	EXP 	textbox: autoDraw = False
151.4618 	EXP 	fixation: autoDraw = True
151.6155 	DATA 	Mouse:  Left button up, pos=(698,129)
152.3820 	DATA 	Keypress: space
152.4453 	EXP 	fixation_2: autoDraw = True
152.4618 	EXP 	fixation: autoDraw = False
152.8350 	DATA 	Keypress: space
152.8450 	EXP 	fixation: autoDraw = False
152.8450 	EXP 	fixation_2: autoDraw = False
153.5283 	EXP 	text: autoDraw = True
153.5283 	EXP 	textbox: autoDraw = True
155.6122 	DATA 	Keypress: 9
155.7953 	DATA 	Keypress: 0
155.9181 	DATA 	Keypress: 0
157.1035 	DATA 	Mouse: Left button down, pos=(615,125)
157.1148 	EXP 	New trial (rep=0, index=7): {'delay': 0.1, 'freq': 1000, 'condition': 'exp'}
157.1280 	EXP 	text: autoDraw = False
157.1280 	EXP 	textbox: autoDraw = False
157.1280 	EXP 	fixation: autoDraw = True
157.2817 	DATA 	Mouse:  Left button up, pos=(615,125)
158.1112 	EXP 	fixation_2: autoDraw = True
158.1277 	EXP 	fixation: autoDraw = False
158.4013 	DATA 	Keypress: space
158.4112 	EXP 	fixation: autoDraw = False
158.4112 	EXP 	fixation_2: autoDraw = False
158.7946 	EXP 	text: autoDraw = True
158.7946 	EXP 	textbox: autoDraw = True
160.5019 	DATA 	Keypress: 6
160.6786 	DATA 	Keypress: 0
160.7948 	DATA 	Keypress: 0
161.7448 	DATA 	Mouse: Left button down, pos=(681,164)
161.7488 	EXP 	New trial (rep=0, index=8): {'delay': 0.1, 'freq': 400, 'condition': 'unexp'}
161.7609 	EXP 	text: autoDraw = False
161.7609 	EXP 	textbox: autoDraw = False
161.7609 	EXP 	fixation: autoDraw = True
161.9145 	DATA 	Mouse:  Left button up, pos=(681,164)
162.7441 	EXP 	fixation_2: autoDraw = True
162.7608 	EXP 	fixation: autoDraw = False
163.5012 	DATA 	Keypress: space
163.5107 	EXP 	fixation: autoDraw = False
163.5107 	EXP 	fixation_2: autoDraw = False
163.8943 	EXP 	text: autoDraw = True
163.8943 	EXP 	textbox: autoDraw = True
170.2006 	DATA 	Keypress: 2
170.3515 	DATA 	Keypress: 0
170.4777 	DATA 	Keypress: 0
171.6951 	DATA 	Mouse: Left button down, pos=(745,128)
171.6990 	EXP 	New trial (rep=0, index=9): {'delay': 0.1, 'freq': 1000, 'condition': 'exp'}
171.7100 	EXP 	text: autoDraw = False
171.7100 	EXP 	textbox: autoDraw = False
171.7100 	EXP 	fixation: autoDraw = True
171.8637 	DATA 	Mouse:  Left button up, pos=(745,128)
172.6933 	EXP 	fixation_2: autoDraw = True
172.7099 	EXP 	fixation: autoDraw = False
172.9999 	DATA 	Keypress: space
173.0098 	EXP 	fixation: autoDraw = False
173.0098 	EXP 	fixation_2: autoDraw = False
173.3933 	EXP 	text: autoDraw = True
173.3933 	EXP 	textbox: autoDraw = True
174.6936 	DATA 	Keypress: 8
174.9102 	DATA 	Keypress: 0
175.0272 	DATA 	Keypress: 0
177.1510 	DATA 	Mouse: Left button down, pos=(745,128)
177.1632 	EXP 	New trial (rep=0, index=10): {'delay': 0.4, 'freq': 1000, 'condition': 'exp'}
177.1763 	EXP 	text: autoDraw = False
177.1763 	EXP 	textbox: autoDraw = False
177.1763 	EXP 	fixation: autoDraw = True
177.3128 	DATA 	Mouse:  Left button up, pos=(745,128)
178.1594 	EXP 	fixation_2: autoDraw = True
178.1763 	EXP 	fixation: autoDraw = False
178.6161 	DATA 	Keypress: space
178.6262 	EXP 	fixation: autoDraw = False
178.6262 	EXP 	fixation_2: autoDraw = False
179.3095 	EXP 	text: autoDraw = True
179.3095 	EXP 	textbox: autoDraw = True
180.5009 	DATA 	Keypress: 9
180.7003 	DATA 	Keypress: 0
180.8334 	DATA 	Keypress: 0
181.8269 	DATA 	Mouse: Left button down, pos=(744,126)
181.8301 	EXP 	New trial (rep=0, index=11): {'delay': 0.7, 'freq': 1000, 'condition': 'exp'}
181.8424 	EXP 	text: autoDraw = False
181.8424 	EXP 	textbox: autoDraw = False
181.8424 	EXP 	fixation: autoDraw = True
181.9963 	DATA 	Mouse:  Left button up, pos=(744,126)
182.8259 	EXP 	fixation_2: autoDraw = True
182.8423 	EXP 	fixation: autoDraw = False
183.4640 	DATA 	Keypress: space
183.4923 	EXP 	fixation: autoDraw = False
183.4923 	EXP 	fixation_2: autoDraw = False
184.4759 	EXP 	text: autoDraw = True
184.4759 	EXP 	textbox: autoDraw = True
187.4835 	DATA 	Keypress: 7
187.6593 	DATA 	Keypress: 6
187.9161 	DATA 	Keypress: 0
188.8678 	DATA 	Mouse: Left button down, pos=(743,126)
188.8787 	EXP 	New trial (rep=1, index=0): {'delay': 0.1, 'freq': 400, 'condition': 'unexp'}
188.8918 	EXP 	text: autoDraw = False
188.8918 	EXP 	textbox: autoDraw = False
188.8918 	EXP 	fixation: autoDraw = True
189.0291 	DATA 	Mouse:  Left button up, pos=(743,126)
189.8751 	EXP 	fixation_2: autoDraw = True
189.8918 	EXP 	fixation: autoDraw = False
190.3488 	DATA 	Keypress: space
190.3583 	EXP 	fixation: autoDraw = False
190.3583 	EXP 	fixation_2: autoDraw = False
190.7419 	EXP 	text: autoDraw = True
190.7419 	EXP 	textbox: autoDraw = True
193.5753 	DATA 	Keypress: 3
193.7328 	DATA 	Keypress: 5
194.7089 	DATA 	Keypress: 0
195.6422 	DATA 	Mouse: Left button down, pos=(743,126)
195.6459 	EXP 	New trial (rep=1, index=1): {'delay': 0.4, 'freq': 1000, 'condition': 'exp'}
195.6579 	EXP 	text: autoDraw = False
195.6579 	EXP 	textbox: autoDraw = False
195.6579 	EXP 	fixation: autoDraw = True
195.7949 	DATA 	Mouse:  Left button up, pos=(743,126)
196.6412 	EXP 	fixation_2: autoDraw = True
196.6577 	EXP 	fixation: autoDraw = False
196.9645 	DATA 	Keypress: space
196.9745 	EXP 	fixation: autoDraw = False
196.9745 	EXP 	fixation_2: autoDraw = False
197.4438 	DATA 	Keypress: space
197.6580 	EXP 	text: autoDraw = True
197.6580 	EXP 	textbox: autoDraw = True
199.5489 	DATA 	Keypress: 8
200.3080 	DATA 	Keypress: 6
200.4247 	DATA 	Keypress: 0
201.4748 	DATA 	Mouse: Left button down, pos=(742,126)
201.4785 	EXP 	New trial (rep=1, index=2): {'delay': 0.7, 'freq': 1000, 'condition': 'exp'}
201.4908 	EXP 	text: autoDraw = False
201.4908 	EXP 	textbox: autoDraw = False
201.4908 	EXP 	fixation: autoDraw = True
201.6443 	DATA 	Mouse:  Left button up, pos=(742,126)
202.4740 	EXP 	fixation_2: autoDraw = True
202.4909 	EXP 	fixation: autoDraw = False
202.7979 	DATA 	Keypress: space
202.8073 	EXP 	fixation: autoDraw = False
202.8073 	EXP 	fixation_2: autoDraw = False
203.7907 	EXP 	text: autoDraw = True
203.7907 	EXP 	textbox: autoDraw = True
205.2652 	DATA 	Keypress: 9
205.4742 	DATA 	Keypress: 8
205.6080 	DATA 	Keypress: 0
206.7312 	DATA 	Mouse: Left button down, pos=(742,126)
206.7439 	EXP 	New trial (rep=1, index=3): {'delay': 0.1, 'freq': 1000, 'condition': 'exp'}
206.7570 	EXP 	text: autoDraw = False
206.7570 	EXP 	textbox: autoDraw = False
206.7570 	EXP 	fixation: autoDraw = True
206.8943 	DATA 	Mouse:  Left button up, pos=(742,126)
207.7402 	EXP 	fixation_2: autoDraw = True
207.7568 	EXP 	fixation: autoDraw = False
208.0467 	DATA 	Keypress: space
208.0571 	EXP 	fixation: autoDraw = False
208.0571 	EXP 	fixation_2: autoDraw = False
208.4403 	EXP 	text: autoDraw = True
208.4403 	EXP 	textbox: autoDraw = True
209.2411 	DATA 	Keypress: 9
209.3745 	DATA 	Keypress: 9
209.4981 	DATA 	Keypress: 9
210.3984 	DATA 	Mouse: Left button down, pos=(667,174)
210.4108 	EXP 	New trial (rep=1, index=4): {'delay': 0.1, 'freq': 1000, 'condition': 'exp'}
210.4233 	EXP 	text: autoDraw = False
210.4233 	EXP 	textbox: autoDraw = False
210.4233 	EXP 	fixation: autoDraw = True
210.5600 	DATA 	Mouse:  Left button up, pos=(667,174)
211.4068 	EXP 	fixation_2: autoDraw = True
211.4232 	EXP 	fixation: autoDraw = False
211.7131 	DATA 	Keypress: space
211.7232 	EXP 	fixation: autoDraw = False
211.7232 	EXP 	fixation_2: autoDraw = False
212.1069 	EXP 	text: autoDraw = True
212.1069 	EXP 	textbox: autoDraw = True
213.9075 	DATA 	Keypress: 5
214.0571 	DATA 	Keypress: 0
214.1734 	DATA 	Keypress: 0
215.5070 	DATA 	Mouse: Left button down, pos=(666,174)
215.5099 	EXP 	New trial (rep=1, index=5): {'delay': 0.4, 'freq': 1000, 'condition': 'exp'}
215.5229 	EXP 	text: autoDraw = False
215.5229 	EXP 	textbox: autoDraw = False
215.5229 	EXP 	fixation: autoDraw = True
215.6770 	DATA 	Mouse:  Left button up, pos=(666,174)
216.5063 	EXP 	fixation_2: autoDraw = True
216.5227 	EXP 	fixation: autoDraw = False
216.7962 	DATA 	Keypress: space
216.8063 	EXP 	fixation: autoDraw = False
216.8063 	EXP 	fixation_2: autoDraw = False
217.4894 	EXP 	text: autoDraw = True
217.4894 	EXP 	textbox: autoDraw = True
218.0803 	DATA 	Keypress: 8
218.3142 	DATA 	Keypress: 0
218.4476 	DATA 	Keypress: 0
219.1567 	DATA 	Keypress: backspace
219.2897 	DATA 	Keypress: backspace
219.8133 	DATA 	Keypress: 9
219.9466 	DATA 	Keypress: 0
221.4229 	DATA 	Mouse: Left button down, pos=(666,174)
221.4266 	EXP 	New trial (rep=1, index=6): {'delay': 0.4, 'freq': 1000, 'condition': 'exp'}
221.4390 	EXP 	text: autoDraw = False
221.4390 	EXP 	textbox: autoDraw = False
221.4390 	EXP 	fixation: autoDraw = True
221.5925 	DATA 	Mouse:  Left button up, pos=(666,174)
222.4224 	EXP 	fixation_2: autoDraw = True
222.4389 	EXP 	fixation: autoDraw = False
222.9119 	DATA 	Keypress: space
222.9222 	EXP 	fixation: autoDraw = False
222.9222 	EXP 	fixation_2: autoDraw = False
223.6058 	EXP 	text: autoDraw = True
223.6058 	EXP 	textbox: autoDraw = True
224.3301 	DATA 	Keypress: 9
224.5228 	DATA 	Keypress: 0
224.6392 	DATA 	Keypress: 0
225.7461 	DATA 	Mouse: Left button down, pos=(666,174)
225.7595 	EXP 	New trial (rep=1, index=7): {'delay': 0.1, 'freq': 1000, 'condition': 'exp'}
225.7721 	EXP 	text: autoDraw = False
225.7721 	EXP 	textbox: autoDraw = False
225.7721 	EXP 	fixation: autoDraw = True
225.9092 	DATA 	Mouse:  Left button up, pos=(666,174)
226.7552 	EXP 	fixation_2: autoDraw = True
226.7721 	EXP 	fixation: autoDraw = False
227.0787 	DATA 	Keypress: space
227.0885 	EXP 	fixation: autoDraw = False
227.0885 	EXP 	fixation_2: autoDraw = False
227.4719 	EXP 	text: autoDraw = True
227.4719 	EXP 	textbox: autoDraw = True
229.6225 	DATA 	Keypress: 6
231.1886 	DATA 	Keypress: 4
231.3129 	DATA 	Keypress: 0
232.6133 	DATA 	Mouse: Left button down, pos=(665,173)
232.6249 	EXP 	New trial (rep=1, index=8): {'delay': 0.7, 'freq': 1000, 'condition': 'exp'}
232.6380 	EXP 	text: autoDraw = False
232.6380 	EXP 	textbox: autoDraw = False
232.6380 	EXP 	fixation: autoDraw = True
232.7749 	DATA 	Mouse:  Left button up, pos=(665,173)
233.6214 	EXP 	fixation_2: autoDraw = True
233.6379 	EXP 	fixation: autoDraw = False
233.8780 	DATA 	Keypress: space
233.8879 	EXP 	fixation: autoDraw = False
233.8879 	EXP 	fixation_2: autoDraw = False
234.8712 	EXP 	text: autoDraw = True
234.8712 	EXP 	textbox: autoDraw = True
237.5548 	DATA 	Keypress: 0
238.5713 	DATA 	Keypress: backspace
238.7884 	DATA 	Keypress: 9
238.9453 	DATA 	Keypress: 9
239.0713 	DATA 	Keypress: 9
240.4048 	DATA 	Mouse: Left button down, pos=(666,174)
240.4086 	EXP 	New trial (rep=1, index=9): {'delay': 0.7, 'freq': 400, 'condition': 'unexp'}
240.4207 	EXP 	text: autoDraw = False
240.4207 	EXP 	textbox: autoDraw = False
240.4207 	EXP 	fixation: autoDraw = True
240.5743 	DATA 	Mouse:  Left button up, pos=(666,174)
241.4040 	EXP 	fixation_2: autoDraw = True
241.4206 	EXP 	fixation: autoDraw = False
241.8592 	DATA 	Keypress: space
241.8872 	EXP 	fixation: autoDraw = False
241.8872 	EXP 	fixation_2: autoDraw = False
242.8706 	EXP 	text: autoDraw = True
242.8706 	EXP 	textbox: autoDraw = True
248.2443 	DATA 	Keypress: 4
248.4704 	DATA 	Keypress: 5
248.5943 	DATA 	Keypress: 0
249.9456 	DATA 	Mouse: Left button down, pos=(665,173)
249.9572 	EXP 	New trial (rep=1, index=10): {'delay': 0.7, 'freq': 1000, 'condition': 'exp'}
249.9698 	EXP 	text: autoDraw = False
249.9698 	EXP 	textbox: autoDraw = False
249.9698 	EXP 	fixation: autoDraw = True
250.1077 	DATA 	Mouse:  Left button up, pos=(665,173)
250.9532 	EXP 	fixation_2: autoDraw = True
250.9698 	EXP 	fixation: autoDraw = False
251.1908 	DATA 	Keypress: space
251.2197 	EXP 	fixation: autoDraw = False
251.2197 	EXP 	fixation_2: autoDraw = False
252.2031 	EXP 	text: autoDraw = True
252.2031 	EXP 	textbox: autoDraw = True
254.6440 	DATA 	Keypress: 6
255.9274 	DATA 	Keypress: 8
256.0932 	DATA 	Keypress: 0
257.1539 	DATA 	Mouse: Left button down, pos=(668,176)
257.1572 	EXP 	New trial (rep=1, index=11): {'delay': 0.4, 'freq': 400, 'condition': 'unexp'}
257.1692 	EXP 	text: autoDraw = False
257.1692 	EXP 	textbox: autoDraw = False
257.1692 	EXP 	fixation: autoDraw = True
257.3067 	DATA 	Mouse:  Left button up, pos=(668,176)
258.1525 	EXP 	fixation_2: autoDraw = True
258.1691 	EXP 	fixation: autoDraw = False
258.6075 	DATA 	Keypress: space
258.6358 	EXP 	fixation: autoDraw = False
258.6358 	EXP 	fixation_2: autoDraw = False
259.3191 	EXP 	text: autoDraw = True
259.3191 	EXP 	textbox: autoDraw = True
261.6260 	DATA 	Keypress: 4
261.8192 	DATA 	Keypress: 0
262.7193 	DATA 	Keypress: 0
263.8194 	DATA 	Mouse: Left button down, pos=(668,176)
263.8231 	EXP 	New trial (rep=2, index=0): {'delay': 0.1, 'freq': 1000, 'condition': 'exp'}
263.8355 	EXP 	text: autoDraw = False
263.8355 	EXP 	textbox: autoDraw = False
263.8355 	EXP 	fixation: autoDraw = True
263.9892 	DATA 	Mouse:  Left button up, pos=(668,176)
264.8186 	EXP 	fixation_2: autoDraw = True
264.8352 	EXP 	fixation: autoDraw = False
265.2584 	DATA 	Keypress: space
265.2685 	EXP 	fixation: autoDraw = False
265.2685 	EXP 	fixation_2: autoDraw = False
265.6518 	EXP 	text: autoDraw = True
265.6518 	EXP 	textbox: autoDraw = True
269.5687 	DATA 	Keypress: 6
270.1936 	DATA 	Keypress: backspace
270.8521 	DATA 	Keypress: 7
272.2257 	DATA 	Keypress: 4
272.4356 	DATA 	Keypress: 0
273.9017 	DATA 	Mouse: Left button down, pos=(668,176)
273.9046 	EXP 	New trial (rep=2, index=1): {'delay': 0.7, 'freq': 1000, 'condition': 'exp'}
273.9177 	EXP 	text: autoDraw = False
273.9177 	EXP 	textbox: autoDraw = False
273.9177 	EXP 	fixation: autoDraw = True
274.0713 	DATA 	Mouse:  Left button up, pos=(668,176)
274.9010 	EXP 	fixation_2: autoDraw = True
274.9176 	EXP 	fixation: autoDraw = False
275.1078 	DATA 	Keypress: space
275.1177 	EXP 	fixation: autoDraw = False
275.1177 	EXP 	fixation_2: autoDraw = False
276.1010 	EXP 	text: autoDraw = True
276.1010 	EXP 	textbox: autoDraw = True
277.6086 	DATA 	Keypress: 6
277.7513 	DATA 	Keypress: 0
277.8745 	DATA 	Keypress: 0
278.4181 	DATA 	Keypress: backspace
278.5747 	DATA 	Keypress: backspace
278.7180 	DATA 	Keypress: backspace
278.8089 	DATA 	Keypress: backspace
279.5844 	DATA 	Keypress: 8
280.1012 	DATA 	Keypress: 0
280.2347 	DATA 	Keypress: 0
281.1677 	DATA 	Mouse: Left button down, pos=(668,176)
281.1707 	EXP 	New trial (rep=2, index=2): {'delay': 0.7, 'freq': 400, 'condition': 'unexp'}
281.1838 	EXP 	text: autoDraw = False
281.1838 	EXP 	textbox: autoDraw = False
281.1838 	EXP 	fixation: autoDraw = True
281.3379 	DATA 	Mouse:  Left button up, pos=(668,176)
282.1671 	EXP 	fixation_2: autoDraw = True
282.1837 	EXP 	fixation: autoDraw = False
282.4891 	DATA 	Keypress: space
282.5170 	EXP 	fixation: autoDraw = False
282.5170 	EXP 	fixation_2: autoDraw = False
283.5005 	EXP 	text: autoDraw = True
283.5005 	EXP 	textbox: autoDraw = True
286.0740 	DATA 	Keypress: 2
286.2340 	DATA 	Keypress: 0
286.3577 	DATA 	Keypress: 0
287.5587 	DATA 	Mouse: Left button down, pos=(663,162)
287.5707 	EXP 	New trial (rep=2, index=3): {'delay': 0.7, 'freq': 1000, 'condition': 'exp'}
287.5832 	EXP 	text: autoDraw = False
287.5832 	EXP 	textbox: autoDraw = False
287.5832 	EXP 	fixation: autoDraw = True
287.7201 	DATA 	Mouse:  Left button up, pos=(663,162)
288.5666 	EXP 	fixation_2: autoDraw = True
288.5831 	EXP 	fixation: autoDraw = False
288.8384 	DATA 	Keypress: space
288.8665 	EXP 	fixation: autoDraw = False
288.8665 	EXP 	fixation_2: autoDraw = False
289.8498 	EXP 	text: autoDraw = True
289.8498 	EXP 	textbox: autoDraw = True
294.4168 	DATA 	Keypress: 9
294.6333 	DATA 	Keypress: 0
294.7572 	DATA 	Keypress: 0
295.8498 	DATA 	Mouse: Left button down, pos=(663,162)
295.8528 	EXP 	New trial (rep=2, index=4): {'delay': 0.1, 'freq': 400, 'condition': 'unexp'}
295.8663 	EXP 	text: autoDraw = False
295.8663 	EXP 	textbox: autoDraw = False
295.8663 	EXP 	fixation: autoDraw = True
296.0194 	DATA 	Mouse:  Left button up, pos=(663,162)
296.8492 	EXP 	fixation_2: autoDraw = True
296.8661 	EXP 	fixation: autoDraw = False
297.1398 	DATA 	Keypress: space
297.1491 	EXP 	fixation: autoDraw = False
297.1491 	EXP 	fixation_2: autoDraw = False
297.5324 	EXP 	text: autoDraw = True
297.5324 	EXP 	textbox: autoDraw = True
299.8494 	DATA 	Keypress: 3
300.4908 	DATA 	Keypress: 7
300.6164 	DATA 	Keypress: 0
301.9164 	DATA 	Mouse: Left button down, pos=(664,160)
301.9196 	EXP 	New trial (rep=2, index=5): {'delay': 0.1, 'freq': 1000, 'condition': 'exp'}
301.9320 	EXP 	text: autoDraw = False
301.9320 	EXP 	textbox: autoDraw = False
301.9320 	EXP 	fixation: autoDraw = True
302.0858 	DATA 	Mouse:  Left button up, pos=(664,160)
302.9153 	EXP 	fixation_2: autoDraw = True
302.9319 	EXP 	fixation: autoDraw = False
303.1888 	DATA 	Keypress: space
303.1986 	EXP 	fixation: autoDraw = False
303.1986 	EXP 	fixation_2: autoDraw = False
303.5819 	EXP 	text: autoDraw = True
303.5819 	EXP 	textbox: autoDraw = True
305.2660 	DATA 	Keypress: 5
305.4060 	DATA 	Keypress: 0
305.5236 	DATA 	Keypress: 0
306.9568 	DATA 	Mouse: Left button down, pos=(663,159)
306.9695 	EXP 	New trial (rep=2, index=6): {'delay': 0.4, 'freq': 1000, 'condition': 'exp'}
306.9815 	EXP 	text: autoDraw = False
306.9815 	EXP 	textbox: autoDraw = False
306.9815 	EXP 	fixation: autoDraw = True
307.1187 	DATA 	Mouse:  Left button up, pos=(663,159)
307.9648 	EXP 	fixation_2: autoDraw = True
307.9814 	EXP 	fixation: autoDraw = False
308.2719 	DATA 	Keypress: space
308.2814 	EXP 	fixation: autoDraw = False
308.2814 	EXP 	fixation_2: autoDraw = False
308.9649 	EXP 	text: autoDraw = True
308.9649 	EXP 	textbox: autoDraw = True
309.4657 	DATA 	Keypress: 8
309.6652 	DATA 	Keypress: 0
309.8065 	DATA 	Keypress: 0
311.6652 	DATA 	Mouse: Left button down, pos=(663,159)
311.6680 	EXP 	New trial (rep=2, index=7): {'delay': 0.4, 'freq': 400, 'condition': 'unexp'}
311.6811 	EXP 	text: autoDraw = False
311.6811 	EXP 	textbox: autoDraw = False
311.6811 	EXP 	fixation: autoDraw = True
311.8175 	DATA 	Mouse:  Left button up, pos=(663,159)
312.6645 	EXP 	fixation_2: autoDraw = True
312.6810 	EXP 	fixation: autoDraw = False
313.0355 	DATA 	Keypress: space
313.0644 	EXP 	fixation: autoDraw = False
313.0644 	EXP 	fixation_2: autoDraw = False
313.7477 	EXP 	text: autoDraw = True
313.7477 	EXP 	textbox: autoDraw = True
315.5479 	DATA 	Keypress: 5
315.6812 	DATA 	Keypress: 0
316.9145 	DATA 	Mouse: Left button down, pos=(663,159)
316.9182 	EXP 	New trial (rep=2, index=8): {'delay': 0.7, 'freq': 1000, 'condition': 'exp'}
316.9307 	EXP 	text: autoDraw = False
316.9307 	EXP 	textbox: autoDraw = False
316.9307 	EXP 	fixation: autoDraw = True
317.0843 	DATA 	Mouse:  Left button up, pos=(663,159)
317.9141 	EXP 	fixation_2: autoDraw = True
317.9307 	EXP 	fixation: autoDraw = False
318.3538 	DATA 	Keypress: space
318.3640 	EXP 	fixation: autoDraw = False
318.3640 	EXP 	fixation_2: autoDraw = False
319.3473 	EXP 	text: autoDraw = True
319.3473 	EXP 	textbox: autoDraw = True
329.0134 	DATA 	Keypress: 8
329.4402 	DATA 	Keypress: 0
329.5710 	DATA 	Keypress: 0
330.7545 	DATA 	Mouse: Left button down, pos=(655,157)
330.7672 	EXP 	New trial (rep=2, index=9): {'delay': 0.4, 'freq': 1000, 'condition': 'exp'}
330.7794 	EXP 	text: autoDraw = False
330.7794 	EXP 	textbox: autoDraw = False
330.7794 	EXP 	fixation: autoDraw = True
330.9172 	DATA 	Mouse:  Left button up, pos=(655,157)
331.7629 	EXP 	fixation_2: autoDraw = True
331.7793 	EXP 	fixation: autoDraw = False
332.0694 	DATA 	Keypress: space
332.0793 	EXP 	fixation: autoDraw = False
332.0793 	EXP 	fixation_2: autoDraw = False
332.7627 	EXP 	text: autoDraw = True
332.7627 	EXP 	textbox: autoDraw = True
333.5301 	DATA 	Keypress: 6
333.6797 	DATA 	Keypress: 0
333.8043 	DATA 	Keypress: 0
335.0967 	DATA 	Mouse: Left button down, pos=(654,154)
335.1002 	EXP 	New trial (rep=2, index=10): {'delay': 0.1, 'freq': 1000, 'condition': 'exp'}
335.1125 	EXP 	text: autoDraw = False
335.1125 	EXP 	textbox: autoDraw = False
335.1125 	EXP 	fixation: autoDraw = True
335.2666 	DATA 	Mouse:  Left button up, pos=(654,154)
336.0959 	EXP 	fixation_2: autoDraw = True
336.1123 	EXP 	fixation: autoDraw = False
336.2689 	DATA 	Keypress: space
336.2790 	EXP 	fixation: autoDraw = False
336.2790 	EXP 	fixation_2: autoDraw = False
336.6624 	EXP 	text: autoDraw = True
336.6624 	EXP 	textbox: autoDraw = True
337.3795 	DATA 	Keypress: 7
338.5543 	DATA 	Keypress: 0
338.6963 	DATA 	Keypress: 0
339.8963 	DATA 	Mouse: Left button down, pos=(654,154)
339.8996 	EXP 	New trial (rep=2, index=11): {'delay': 0.4, 'freq': 1000, 'condition': 'exp'}
339.9120 	EXP 	text: autoDraw = False
339.9120 	EXP 	textbox: autoDraw = False
339.9120 	EXP 	fixation: autoDraw = True
340.0659 	DATA 	Mouse:  Left button up, pos=(654,154)
340.8954 	EXP 	fixation_2: autoDraw = True
340.9119 	EXP 	fixation: autoDraw = False
341.2020 	DATA 	Keypress: space
341.2119 	EXP 	fixation: autoDraw = False
341.2119 	EXP 	fixation_2: autoDraw = False
341.8955 	EXP 	text: autoDraw = True
341.8955 	EXP 	textbox: autoDraw = True
343.2621 	DATA 	Keypress: 9
343.3866 	DATA 	Keypress: 9
343.5122 	DATA 	Keypress: 9
344.8303 	DATA 	Mouse: Left button down, pos=(655,156)
344.8338 	EXP 	New trial (rep=3, index=0): {'delay': 0.1, 'freq': 1000, 'condition': 'exp'}
344.8450 	EXP 	text: autoDraw = False
344.8450 	EXP 	textbox: autoDraw = False
344.8450 	EXP 	fixation: autoDraw = True
344.9988 	DATA 	Mouse:  Left button up, pos=(655,156)
345.8283 	EXP 	fixation_2: autoDraw = True
345.8448 	EXP 	fixation: autoDraw = False
346.1005 	DATA 	Keypress: space
346.1281 	EXP 	fixation: autoDraw = False
346.1281 	EXP 	fixation_2: autoDraw = False
346.5115 	EXP 	text: autoDraw = True
346.5115 	EXP 	textbox: autoDraw = True
347.5284 	DATA 	Keypress: 7
348.2690 	DATA 	Keypress: 8
348.4021 	DATA 	Keypress: 0
349.7453 	DATA 	Mouse: Left button down, pos=(655,156)
349.7482 	EXP 	New trial (rep=3, index=1): {'delay': 0.4, 'freq': 1000, 'condition': 'exp'}
349.7612 	EXP 	text: autoDraw = False
349.7612 	EXP 	textbox: autoDraw = False
349.7612 	EXP 	fixation: autoDraw = True
349.9149 	DATA 	Mouse:  Left button up, pos=(655,156)
350.7445 	EXP 	fixation_2: autoDraw = True
350.7611 	EXP 	fixation: autoDraw = False
351.2344 	DATA 	Keypress: space
351.2445 	EXP 	fixation: autoDraw = False
351.2445 	EXP 	fixation_2: autoDraw = False
351.9277 	EXP 	text: autoDraw = True
351.9277 	EXP 	textbox: autoDraw = True
354.0947 	DATA 	Keypress: 8
354.9278 	DATA 	Keypress: 9
355.0518 	DATA 	Keypress: 0
355.9012 	DATA 	Keypress: backspace
356.0611 	DATA 	Keypress: backspace
356.1945 	DATA 	Keypress: backspace
356.7008 	DATA 	Keypress: 9
357.3610 	DATA 	Keypress: 0
358.4848 	DATA 	Keypress: backspace
359.6689 	DATA 	Keypress: 2
359.7691 	DATA 	Keypress: 0
361.1608 	DATA 	Mouse: Left button down, pos=(655,156)
361.1638 	EXP 	New trial (rep=3, index=2): {'delay': 0.4, 'freq': 1000, 'condition': 'exp'}
361.1768 	EXP 	text: autoDraw = False
361.1768 	EXP 	textbox: autoDraw = False
361.1768 	EXP 	fixation: autoDraw = True
361.3136 	DATA 	Mouse:  Left button up, pos=(655,156)
362.1600 	EXP 	fixation_2: autoDraw = True
362.1768 	EXP 	fixation: autoDraw = False
362.3487 	DATA 	Keypress: space
362.3768 	EXP 	fixation: autoDraw = False
362.3768 	EXP 	fixation_2: autoDraw = False
363.0602 	EXP 	text: autoDraw = True
363.0602 	EXP 	textbox: autoDraw = True
364.8771 	DATA 	Keypress: 7
365.0602 	DATA 	Keypress: 0
365.1936 	DATA 	Keypress: 0
366.3685 	DATA 	Mouse: Left button down, pos=(655,156)
366.3806 	EXP 	New trial (rep=3, index=3): {'delay': 0.7, 'freq': 1000, 'condition': 'exp'}
366.3930 	EXP 	text: autoDraw = False
366.3930 	EXP 	textbox: autoDraw = False
366.3930 	EXP 	fixation: autoDraw = True
366.5301 	DATA 	Mouse:  Left button up, pos=(655,156)
367.3767 	EXP 	fixation_2: autoDraw = True
367.3929 	EXP 	fixation: autoDraw = False
367.6318 	DATA 	Keypress: space
367.6596 	EXP 	fixation: autoDraw = False
367.6596 	EXP 	fixation_2: autoDraw = False
368.6429 	EXP 	text: autoDraw = True
368.6429 	EXP 	textbox: autoDraw = True
369.3843 	DATA 	Keypress: 8
369.6267 	DATA 	Keypress: 0
369.7501 	DATA 	Keypress: 0
371.7598 	DATA 	Mouse: Left button down, pos=(655,155)
371.7627 	EXP 	New trial (rep=3, index=4): {'delay': 0.7, 'freq': 1000, 'condition': 'exp'}
371.7760 	EXP 	text: autoDraw = False
371.7760 	EXP 	textbox: autoDraw = False
371.7760 	EXP 	fixation: autoDraw = True
371.9296 	DATA 	Mouse:  Left button up, pos=(655,155)
372.7593 	EXP 	fixation_2: autoDraw = True
372.7759 	EXP 	fixation: autoDraw = False
373.0660 	DATA 	Keypress: space
373.0761 	EXP 	fixation: autoDraw = False
373.0761 	EXP 	fixation_2: autoDraw = False
374.0591 	EXP 	text: autoDraw = True
374.0591 	EXP 	textbox: autoDraw = True
377.7092 	DATA 	Keypress: 7
377.9328 	DATA 	Keypress: 0
378.0764 	DATA 	Keypress: 0
378.9425 	DATA 	Mouse: Left button down, pos=(655,155)
378.9459 	EXP 	New trial (rep=3, index=5): {'delay': 0.1, 'freq': 1000, 'condition': 'exp'}
378.9586 	EXP 	text: autoDraw = False
378.9586 	EXP 	textbox: autoDraw = False
378.9586 	EXP 	fixation: autoDraw = True
379.0964 	DATA 	Mouse:  Left button up, pos=(655,155)
379.9419 	EXP 	fixation_2: autoDraw = True
379.9585 	EXP 	fixation: autoDraw = False
380.2156 	DATA 	Keypress: space
380.2252 	EXP 	fixation: autoDraw = False
380.2252 	EXP 	fixation_2: autoDraw = False
380.6086 	EXP 	text: autoDraw = True
380.6086 	EXP 	textbox: autoDraw = True
382.5259 	DATA 	Keypress: 7
383.4921 	DATA 	Keypress: 0
383.6757 	DATA 	Keypress: 8
384.6920 	DATA 	Mouse: Left button down, pos=(655,155)
384.6966 	EXP 	New trial (rep=3, index=6): {'delay': 0.1, 'freq': 1000, 'condition': 'exp'}
384.7082 	EXP 	text: autoDraw = False
384.7082 	EXP 	textbox: autoDraw = False
384.7082 	EXP 	fixation: autoDraw = True
384.8456 	DATA 	Mouse:  Left button up, pos=(655,155)
385.6914 	EXP 	fixation_2: autoDraw = True
385.7080 	EXP 	fixation: autoDraw = False
386.0313 	DATA 	Keypress: space
386.0413 	EXP 	fixation: autoDraw = False
386.0413 	EXP 	fixation_2: autoDraw = False
386.4249 	EXP 	text: autoDraw = True
386.4249 	EXP 	textbox: autoDraw = True
389.3821 	DATA 	Keypress: 4
389.5581 	DATA 	Keypress: 0
389.6819 	DATA 	Keypress: 0
391.5414 	DATA 	Mouse: Left button down, pos=(655,155)
391.5444 	EXP 	New trial (rep=3, index=7): {'delay': 0.4, 'freq': 400, 'condition': 'unexp'}
391.5575 	EXP 	text: autoDraw = False
391.5575 	EXP 	textbox: autoDraw = False
391.5575 	EXP 	fixation: autoDraw = True
391.7111 	DATA 	Mouse:  Left button up, pos=(655,155)
391.8778 	DATA 	Keypress: space
392.5408 	EXP 	fixation_2: autoDraw = True
392.5575 	EXP 	fixation: autoDraw = False
392.7641 	DATA 	Keypress: space
392.7742 	EXP 	fixation: autoDraw = False
392.7742 	EXP 	fixation_2: autoDraw = False
393.4575 	EXP 	text: autoDraw = True
393.4575 	EXP 	textbox: autoDraw = True
395.9742 	DATA 	Keypress: 4
396.1077 	DATA 	Keypress: 0
396.2314 	DATA 	Keypress: 0
397.2326 	DATA 	Mouse: Left button down, pos=(655,155)
397.2439 	EXP 	New trial (rep=3, index=8): {'delay': 0.7, 'freq': 1000, 'condition': 'exp'}
397.2570 	EXP 	text: autoDraw = False
397.2570 	EXP 	textbox: autoDraw = False
397.2570 	EXP 	fixation: autoDraw = True
397.3939 	DATA 	Mouse:  Left button up, pos=(655,155)
398.2402 	EXP 	fixation_2: autoDraw = True
398.2569 	EXP 	fixation: autoDraw = False
398.5782 	DATA 	Keypress: space
398.6069 	EXP 	fixation: autoDraw = False
398.6069 	EXP 	fixation_2: autoDraw = False
399.5902 	EXP 	text: autoDraw = True
399.5902 	EXP 	textbox: autoDraw = True
400.5977 	DATA 	Keypress: 9
400.8575 	DATA 	Keypress: 9
400.9905 	DATA 	Keypress: 9
402.2240 	DATA 	Mouse: Left button down, pos=(655,155)
402.2275 	EXP 	New trial (rep=3, index=9): {'delay': 0.7, 'freq': 400, 'condition': 'unexp'}
402.2399 	EXP 	text: autoDraw = False
402.2399 	EXP 	textbox: autoDraw = False
402.2399 	EXP 	fixation: autoDraw = True
402.3772 	DATA 	Mouse:  Left button up, pos=(655,155)
403.2232 	EXP 	fixation_2: autoDraw = True
403.2398 	EXP 	fixation: autoDraw = False
403.4799 	DATA 	Keypress: space
403.4898 	EXP 	fixation: autoDraw = False
403.4898 	EXP 	fixation_2: autoDraw = False
404.4733 	EXP 	text: autoDraw = True
404.4733 	EXP 	textbox: autoDraw = True
406.4073 	DATA 	Keypress: 2
407.0074 	DATA 	Keypress: 5
407.1233 	DATA 	Keypress: 0
408.5735 	DATA 	Mouse: Left button down, pos=(655,155)
408.5777 	EXP 	New trial (rep=3, index=10): {'delay': 0.1, 'freq': 400, 'condition': 'unexp'}
408.5894 	EXP 	text: autoDraw = False
408.5894 	EXP 	textbox: autoDraw = False
408.5894 	EXP 	fixation: autoDraw = True
408.7429 	DATA 	Mouse:  Left button up, pos=(655,155)
409.5728 	EXP 	fixation_2: autoDraw = True
409.5892 	EXP 	fixation: autoDraw = False
409.9126 	DATA 	Keypress: space
409.9226 	EXP 	fixation: autoDraw = False
409.9226 	EXP 	fixation_2: autoDraw = False
410.3061 	EXP 	text: autoDraw = True
410.3061 	EXP 	textbox: autoDraw = True
412.3139 	DATA 	Keypress: 1
412.5228 	DATA 	Keypress: 0
412.6470 	DATA 	Keypress: 0
413.9064 	DATA 	Mouse: Left button down, pos=(654,155)
413.9094 	EXP 	New trial (rep=3, index=11): {'delay': 0.4, 'freq': 1000, 'condition': 'exp'}
413.9222 	EXP 	text: autoDraw = False
413.9222 	EXP 	textbox: autoDraw = False
413.9222 	EXP 	fixation: autoDraw = True
414.0763 	DATA 	Mouse:  Left button up, pos=(654,155)
414.9057 	EXP 	fixation_2: autoDraw = True
414.9220 	EXP 	fixation: autoDraw = False
415.1624 	DATA 	Keypress: space
415.1722 	EXP 	fixation: autoDraw = False
415.1722 	EXP 	fixation_2: autoDraw = False
415.8559 	EXP 	text: autoDraw = True
415.8559 	EXP 	textbox: autoDraw = True
416.6725 	DATA 	Keypress: 8
416.9226 	DATA 	Keypress: 0
417.0468 	DATA 	Keypress: 0
418.2463 	DATA 	Mouse: Left button down, pos=(654,155)
418.2599 	EXP 	New trial (rep=4, index=0): {'delay': 0.7, 'freq': 1000, 'condition': 'exp'}
418.2719 	EXP 	text: autoDraw = False
418.2719 	EXP 	textbox: autoDraw = False
418.2719 	EXP 	fixation: autoDraw = True
418.4084 	DATA 	Mouse:  Left button up, pos=(654,155)
419.2552 	EXP 	fixation_2: autoDraw = True
419.2718 	EXP 	fixation: autoDraw = False
419.5789 	DATA 	Keypress: space
419.5883 	EXP 	fixation: autoDraw = False
419.5883 	EXP 	fixation_2: autoDraw = False
420.5718 	EXP 	text: autoDraw = True
420.5718 	EXP 	textbox: autoDraw = True
421.2887 	DATA 	Keypress: 9
421.4220 	DATA 	Keypress: 9
421.5463 	DATA 	Keypress: 9
422.9949 	DATA 	Mouse: Left button down, pos=(654,155)
423.0083 	EXP 	New trial (rep=4, index=1): {'delay': 0.4, 'freq': 1000, 'condition': 'exp'}
423.0214 	EXP 	text: autoDraw = False
423.0214 	EXP 	textbox: autoDraw = False
423.0214 	EXP 	fixation: autoDraw = True
423.1589 	DATA 	Mouse:  Left button up, pos=(654,155)
424.0048 	EXP 	fixation_2: autoDraw = True
424.0213 	EXP 	fixation: autoDraw = False
424.4265 	DATA 	Keypress: space
424.4546 	EXP 	fixation: autoDraw = False
424.4546 	EXP 	fixation_2: autoDraw = False
425.1381 	EXP 	text: autoDraw = True
425.1381 	EXP 	textbox: autoDraw = True
426.4555 	DATA 	Keypress: 7
426.6117 	DATA 	Keypress: 0
426.7383 	DATA 	Keypress: 0
428.2134 	DATA 	Mouse: Left button down, pos=(654,155)
428.2246 	EXP 	New trial (rep=4, index=2): {'delay': 0.4, 'freq': 400, 'condition': 'unexp'}
428.2376 	EXP 	text: autoDraw = False
428.2376 	EXP 	textbox: autoDraw = False
428.2376 	EXP 	fixation: autoDraw = True
428.3749 	DATA 	Mouse:  Left button up, pos=(654,155)
429.2210 	EXP 	fixation_2: autoDraw = True
429.2375 	EXP 	fixation: autoDraw = False
429.4442 	DATA 	Keypress: space
429.4543 	EXP 	fixation: autoDraw = False
429.4543 	EXP 	fixation_2: autoDraw = False
430.1375 	EXP 	text: autoDraw = True
430.1375 	EXP 	textbox: autoDraw = True
432.9944 	DATA 	Keypress: 3
433.1710 	DATA 	Keypress: 0
433.2949 	DATA 	Keypress: 0
434.8445 	DATA 	Mouse: Left button down, pos=(653,154)
434.8578 	EXP 	New trial (rep=4, index=3): {'delay': 0.1, 'freq': 1000, 'condition': 'exp'}
434.8704 	EXP 	text: autoDraw = False
434.8704 	EXP 	textbox: autoDraw = False
434.8704 	EXP 	fixation: autoDraw = True
435.0067 	DATA 	Mouse:  Left button up, pos=(653,154)
435.8537 	EXP 	fixation_2: autoDraw = True
435.8703 	EXP 	fixation: autoDraw = False
436.0782 	DATA 	Keypress: space
436.0869 	EXP 	fixation: autoDraw = False
436.0869 	EXP 	fixation_2: autoDraw = False
436.4703 	EXP 	text: autoDraw = True
436.4703 	EXP 	textbox: autoDraw = True
438.9780 	DATA 	Keypress: 7
440.5610 	DATA 	Keypress: 8
440.7108 	DATA 	Keypress: 0
442.1204 	DATA 	Mouse: Left button down, pos=(653,154)
442.1234 	EXP 	New trial (rep=4, index=4): {'delay': 0.1, 'freq': 400, 'condition': 'unexp'}
442.1366 	EXP 	text: autoDraw = False
442.1366 	EXP 	textbox: autoDraw = False
442.1366 	EXP 	fixation: autoDraw = True
442.2896 	DATA 	Mouse:  Left button up, pos=(653,154)
443.1197 	EXP 	fixation_2: autoDraw = True
443.1365 	EXP 	fixation: autoDraw = False
443.4264 	DATA 	Keypress: space
443.4364 	EXP 	fixation: autoDraw = False
443.4364 	EXP 	fixation_2: autoDraw = False
443.8198 	EXP 	text: autoDraw = True
443.8198 	EXP 	textbox: autoDraw = True
445.1533 	DATA 	Keypress: 3
445.3036 	DATA 	Keypress: 0
445.4370 	DATA 	Keypress: 0
446.4701 	DATA 	Mouse: Left button down, pos=(653,154)
446.4737 	EXP 	New trial (rep=4, index=5): {'delay': 0.4, 'freq': 1000, 'condition': 'exp'}
446.4862 	EXP 	text: autoDraw = False
446.4862 	EXP 	textbox: autoDraw = False
446.4862 	EXP 	fixation: autoDraw = True
446.6234 	DATA 	Mouse:  Left button up, pos=(653,154)
447.4693 	EXP 	fixation_2: autoDraw = True
447.4861 	EXP 	fixation: autoDraw = False
447.8915 	DATA 	Keypress: space
447.9026 	EXP 	fixation: autoDraw = False
447.9026 	EXP 	fixation_2: autoDraw = False
448.5864 	EXP 	text: autoDraw = True
448.5864 	EXP 	textbox: autoDraw = True
449.1532 	DATA 	Keypress: 9
449.5529 	DATA 	Keypress: 0
449.6868 	DATA 	Keypress: 0
450.9606 	DATA 	Mouse: Left button down, pos=(652,154)
450.9726 	EXP 	New trial (rep=4, index=6): {'delay': 0.7, 'freq': 1000, 'condition': 'exp'}
450.9858 	EXP 	text: autoDraw = False
450.9858 	EXP 	textbox: autoDraw = False
450.9858 	EXP 	fixation: autoDraw = True
451.1223 	DATA 	Mouse:  Left button up, pos=(652,154)
451.9689 	EXP 	fixation_2: autoDraw = True
451.9857 	EXP 	fixation: autoDraw = False
452.3088 	DATA 	Keypress: space
452.3189 	EXP 	fixation: autoDraw = False
452.3189 	EXP 	fixation_2: autoDraw = False
453.3024 	EXP 	text: autoDraw = True
453.3024 	EXP 	textbox: autoDraw = True
454.2691 	DATA 	Keypress: 8
455.2525 	DATA 	Keypress: 5
455.4191 	DATA 	Keypress: 0
456.3934 	DATA 	Mouse: Left button down, pos=(652,154)
456.4064 	EXP 	New trial (rep=4, index=7): {'delay': 0.7, 'freq': 1000, 'condition': 'exp'}
456.4185 	EXP 	text: autoDraw = False
456.4185 	EXP 	textbox: autoDraw = False
456.4185 	EXP 	fixation: autoDraw = True
456.5559 	DATA 	Mouse:  Left button up, pos=(652,154)
457.4018 	EXP 	fixation_2: autoDraw = True
457.4184 	EXP 	fixation: autoDraw = False
457.7418 	DATA 	Keypress: space
457.7517 	EXP 	fixation: autoDraw = False
457.7517 	EXP 	fixation_2: autoDraw = False
458.7352 	EXP 	text: autoDraw = True
458.7352 	EXP 	textbox: autoDraw = True
460.3789 	DATA 	Keypress: 9
460.5023 	DATA 	Keypress: 5
460.6020 	DATA 	Keypress: 0
461.4356 	DATA 	Mouse: Left button down, pos=(652,154)
461.4392 	EXP 	New trial (rep=4, index=8): {'delay': 0.4, 'freq': 1000, 'condition': 'exp'}
461.4515 	EXP 	text: autoDraw = False
461.4515 	EXP 	textbox: autoDraw = False
461.4515 	EXP 	fixation: autoDraw = True
461.6054 	DATA 	Mouse:  Left button up, pos=(652,154)
462.4348 	EXP 	fixation_2: autoDraw = True
462.4514 	EXP 	fixation: autoDraw = False
462.7233 	DATA 	Keypress: space
462.7513 	EXP 	fixation: autoDraw = False
462.7513 	EXP 	fixation_2: autoDraw = False
463.4348 	EXP 	text: autoDraw = True
463.4348 	EXP 	textbox: autoDraw = True
464.4183 	DATA 	Keypress: 9
464.6182 	DATA 	Keypress: 9
464.7682 	DATA 	Keypress: 9
466.2017 	DATA 	Mouse: Left button down, pos=(652,154)
466.2046 	EXP 	New trial (rep=4, index=9): {'delay': 0.1, 'freq': 1000, 'condition': 'exp'}
466.2176 	EXP 	text: autoDraw = False
466.2176 	EXP 	textbox: autoDraw = False
466.2176 	EXP 	fixation: autoDraw = True
466.3707 	DATA 	Mouse:  Left button up, pos=(652,154)
467.2010 	EXP 	fixation_2: autoDraw = True
467.2175 	EXP 	fixation: autoDraw = False
467.5079 	DATA 	Keypress: space
467.5175 	EXP 	fixation: autoDraw = False
467.5175 	EXP 	fixation_2: autoDraw = False
467.9010 	EXP 	text: autoDraw = True
467.9010 	EXP 	textbox: autoDraw = True
468.7083 	DATA 	Keypress: 9
468.9750 	DATA 	Keypress: 0
469.1013 	DATA 	Keypress: 0
470.5352 	DATA 	Mouse: Left button down, pos=(652,154)
470.5388 	EXP 	New trial (rep=4, index=10): {'delay': 0.1, 'freq': 1000, 'condition': 'exp'}
470.5506 	EXP 	text: autoDraw = False
470.5506 	EXP 	textbox: autoDraw = False
470.5506 	EXP 	fixation: autoDraw = True
470.6883 	DATA 	Mouse:  Left button up, pos=(652,154)
471.5339 	EXP 	fixation_2: autoDraw = True
471.5506 	EXP 	fixation: autoDraw = False
471.8239 	DATA 	Keypress: space
471.8338 	EXP 	fixation: autoDraw = False
471.8338 	EXP 	fixation_2: autoDraw = False
472.2172 	EXP 	text: autoDraw = True
472.2172 	EXP 	textbox: autoDraw = True
472.9419 	DATA 	Keypress: 8
473.2509 	DATA 	Keypress: 0
473.3843 	DATA 	Keypress: 0
473.9744 	DATA 	Keypress: backspace
474.1009 	DATA 	Keypress: backspace
474.2410 	DATA 	Keypress: backspace
475.0176 	DATA 	Keypress: 7
475.3176 	DATA 	Keypress: 5
475.4675 	DATA 	Keypress: 0
476.4507 	DATA 	Mouse: Left button down, pos=(652,154)
476.4537 	EXP 	New trial (rep=4, index=11): {'delay': 0.7, 'freq': 400, 'condition': 'unexp'}
476.4668 	EXP 	text: autoDraw = False
476.4668 	EXP 	textbox: autoDraw = False
476.4668 	EXP 	fixation: autoDraw = True
476.6203 	DATA 	Mouse:  Left button up, pos=(652,154)
477.4503 	EXP 	fixation_2: autoDraw = True
477.4668 	EXP 	fixation: autoDraw = False
477.5567 	DATA 	Keypress: space
477.5667 	EXP 	fixation: autoDraw = False
477.5667 	EXP 	fixation_2: autoDraw = False
478.5500 	EXP 	text: autoDraw = True
478.5500 	EXP 	textbox: autoDraw = True
479.8402 	DATA 	Keypress: 3
480.0078 	DATA 	Keypress: 0
480.1171 	DATA 	Keypress: 0
481.0502 	DATA 	Mouse: Left button down, pos=(652,153)
481.0664 	EXP 	text: autoDraw = False
481.0664 	EXP 	textbox: autoDraw = False
481.2408 	EXP 	window1: mouseVisible = True
