2.6505 	WARNING 	We strongly recommend you activate the PTB sound engine in PsychoPy prefs as the preferred audio engine. Its timing is vastly superior. Your prefs are currently set to use ['sounddevice', 'PTB', 'pyo', 'pygame'] (in that order).
21.8295 	WARNING 	User requested fullscreen with size [1024  768], but screen is actually [1366, 768]. Using actual size
24.7937 	EXP 	Created window1 = Window(allowGUI=False, allowStencil=False, autoLog=True, backendConf=UNKNOWN, bitsMode=UNKNOWN, blendMode='avg', bpc=(8, 8, 8), color=array([0, 0, 0]), colorSpace='rgb', depthBits=8, fullscr=<method-wrapper '__getattribute__' of attributeSetter object at 0x000001D1CCF65278>, gamma=None, gammaErrorPolicy='raise', lms=UNKNOWN, monitor=<psychopy.monitors.calibTools.Monitor object at 0x000001D1CD037BA8>, multiSample=False, name='window1', numSamples=2, pos=[0.0, 0.0], screen=0, size=array([1366,  768]), stencilBits=0, stereo=False, units='height', useFBO=True, useRetina=False, viewOri=0.0, viewPos=None, viewScale=None, waitBlanking=True, winType='pyglet')
24.7944 	EXP 	window1: mouseVisible = True
24.7946 	EXP 	window1: recordFrameIntervals = False
24.9589 	EXP 	window1: recordFrameIntervals = True
25.1427 	EXP 	window1: recordFrameIntervals = False
25.2521 	EXP 	Created fixation = ShapeStim(__class__=<class 'psychopy.visual.shape.ShapeStim'>, autoDraw=False, autoLog=True, closeShape=True, color=method-wrapper(...), colorSpace='rgb', contrast=None, depth=0.0, fillColor=array([1, 1, 1]), fillColorSpace='rgb', fillRGB=UNKNOWN, interpolate=True, lineColor=array([1, 1, 1]), lineColorSpace='rgb', lineRGB=UNKNOWN, lineWidth=1.0, name='fixation', opacity=1, ori=0.0, pos=array([0., 0.]), size=array([10., 10.]), units='pix', vertices=ndarray(...), win=Window(...), windingRule=None)
25.3007 	EXP 	Created grating = GratingStim(__class__=<class 'psychopy.visual.grating.GratingStim'>, autoDraw=False, autoLog=True, blendmode='avg', color=array([1, 1, 1]), colorSpace='rgb', contrast=0.3, depth=-1.0, interpolate=True, mask='gauss', maskParams=None, name='grating', opacity=1, ori=1.0, phase=array([0., 0.]), pos=array([0., 0.]), rgbPedestal=array([0., 0., 0.]), sf=array([5., 5.]), size=array([0.2, 0.2]), tex='sin', texRes=128.0, units='height', win=Window(...))
25.3051 	EXP 	Created sequence: random, trialTypes=1, nReps=100, seed=None
25.3077 	EXP 	New trial (rep=0, index=0): None
25.3564 	EXP 	grating: ori = 0.0
25.3564 	EXP 	fixation: autoDraw = True
26.4389 	EXP 	grating: autoDraw = True
26.4389 	EXP 	grating: tex = 'sin'
26.4495 	EXP 	fixation: autoDraw = False
26.7417 	EXP 	grating: autoDraw = False
27.2264 	EXP 	New trial (rep=1, index=0): None
27.2341 	DATA 	Keypress: up
27.2364 	EXP 	fixation: autoDraw = False
27.2364 	EXP 	grating: autoDraw = False
27.2364 	EXP 	grating: ori = 0.0
27.2364 	EXP 	fixation: autoDraw = True
28.2253 	EXP 	grating: autoDraw = True
28.2420 	EXP 	fixation: autoDraw = False
28.5251 	EXP 	grating: autoDraw = False
29.2455 	EXP 	New trial (rep=2, index=0): None
29.2524 	DATA 	Keypress: up
29.2546 	EXP 	fixation: autoDraw = False
29.2546 	EXP 	grating: autoDraw = False
29.2546 	EXP 	grating: ori = -4.0
29.2546 	EXP 	fixation: autoDraw = True
30.2417 	EXP 	grating: autoDraw = True
30.2585 	EXP 	fixation: autoDraw = False
30.5416 	EXP 	grating: autoDraw = False
30.9564 	EXP 	New trial (rep=3, index=0): None
30.9643 	DATA 	Keypress: down
30.9663 	EXP 	fixation: autoDraw = False
30.9663 	EXP 	grating: autoDraw = False
30.9663 	EXP 	grating: ori = -3.0
30.9663 	EXP 	fixation: autoDraw = True
31.9583 	EXP 	grating: autoDraw = True
31.9748 	EXP 	fixation: autoDraw = False
32.2581 	EXP 	grating: autoDraw = False
33.0443 	EXP 	New trial (rep=4, index=0): None
33.0516 	DATA 	Keypress: down
33.0538 	EXP 	fixation: autoDraw = False
33.0538 	EXP 	grating: autoDraw = False
33.0538 	EXP 	grating: ori = 0.0
33.0538 	EXP 	fixation: autoDraw = True
34.0415 	EXP 	grating: autoDraw = True
34.0583 	EXP 	fixation: autoDraw = False
34.3414 	EXP 	grating: autoDraw = False
35.1614 	EXP 	New trial (rep=5, index=0): None
35.1683 	DATA 	Keypress: down
35.1705 	EXP 	fixation: autoDraw = False
35.1705 	EXP 	grating: autoDraw = False
35.1705 	EXP 	grating: ori = 0.0
35.1705 	EXP 	fixation: autoDraw = True
36.1579 	EXP 	grating: autoDraw = True
36.1747 	EXP 	fixation: autoDraw = False
36.4579 	EXP 	grating: autoDraw = False
36.8327 	EXP 	New trial (rep=6, index=0): None
36.8423 	DATA 	Keypress: up
36.8447 	EXP 	fixation: autoDraw = False
36.8447 	EXP 	grating: autoDraw = False
36.8447 	EXP 	grating: ori = 4.0
36.8447 	EXP 	fixation: autoDraw = True
37.8247 	EXP 	grating: autoDraw = True
37.8579 	EXP 	fixation: autoDraw = False
38.1244 	EXP 	grating: autoDraw = False
38.6614 	EXP 	New trial (rep=7, index=0): None
38.6688 	DATA 	Keypress: down
38.6711 	EXP 	fixation: autoDraw = False
38.6711 	EXP 	grating: autoDraw = False
38.6711 	EXP 	grating: ori = 0.0
38.6711 	EXP 	fixation: autoDraw = True
39.6579 	EXP 	grating: autoDraw = True
39.6743 	EXP 	fixation: autoDraw = False
39.9575 	EXP 	grating: autoDraw = False
40.3966 	DATA 	Keypress: up
41.4138 	DATA 	Keypress: up
41.4441 	EXP 	New trial (rep=8, index=0): None
41.4533 	EXP 	fixation: autoDraw = False
41.4533 	EXP 	grating: autoDraw = False
41.4533 	EXP 	grating: ori = 0.0
41.4533 	EXP 	fixation: autoDraw = True
42.4409 	EXP 	grating: autoDraw = True
42.4575 	EXP 	fixation: autoDraw = False
42.7405 	EXP 	grating: autoDraw = False
43.7181 	EXP 	New trial (rep=9, index=0): None
43.7263 	DATA 	Keypress: up
43.7286 	EXP 	fixation: autoDraw = False
43.7286 	EXP 	grating: autoDraw = False
43.7286 	EXP 	grating: ori = 0.0
43.7286 	EXP 	fixation: autoDraw = True
44.7239 	EXP 	grating: autoDraw = True
44.7406 	EXP 	fixation: autoDraw = False
45.0238 	EXP 	grating: autoDraw = False
45.4443 	EXP 	New trial (rep=10, index=0): None
45.4514 	DATA 	Keypress: down
45.4536 	EXP 	fixation: autoDraw = False
45.4536 	EXP 	grating: autoDraw = False
45.4536 	EXP 	grating: ori = 0.0
45.4536 	EXP 	fixation: autoDraw = True
46.4404 	EXP 	grating: autoDraw = True
46.4571 	EXP 	fixation: autoDraw = False
46.7403 	EXP 	grating: autoDraw = False
47.3947 	EXP 	New trial (rep=11, index=0): None
47.4026 	DATA 	Keypress: up
47.4048 	EXP 	fixation: autoDraw = False
47.4048 	EXP 	grating: autoDraw = False
47.4048 	EXP 	grating: ori = -3.0
47.4048 	EXP 	fixation: autoDraw = True
48.3904 	EXP 	grating: autoDraw = True
48.4071 	EXP 	fixation: autoDraw = False
48.6902 	EXP 	grating: autoDraw = False
49.3264 	EXP 	New trial (rep=12, index=0): None
49.3335 	DATA 	Keypress: down
49.3357 	EXP 	fixation: autoDraw = False
49.3357 	EXP 	grating: autoDraw = False
49.3357 	EXP 	grating: ori = 0.0
49.3357 	EXP 	fixation: autoDraw = True
50.3235 	EXP 	grating: autoDraw = True
50.3400 	EXP 	fixation: autoDraw = False
50.6235 	EXP 	grating: autoDraw = False
50.9467 	DATA 	Keypress: up
50.9765 	EXP 	New trial (rep=13, index=0): None
50.9856 	EXP 	fixation: autoDraw = False
50.9856 	EXP 	grating: autoDraw = False
50.9856 	EXP 	grating: ori = 0.0
50.9856 	EXP 	fixation: autoDraw = True
51.9733 	EXP 	grating: autoDraw = True
51.9898 	EXP 	fixation: autoDraw = False
52.2732 	EXP 	grating: autoDraw = False
53.0960 	DATA 	Keypress: down
53.1291 	EXP 	New trial (rep=14, index=0): None
53.1383 	EXP 	fixation: autoDraw = False
53.1383 	EXP 	grating: autoDraw = False
53.1383 	EXP 	grating: ori = -3.0
53.1383 	EXP 	fixation: autoDraw = True
54.1232 	EXP 	grating: autoDraw = True
54.1398 	EXP 	fixation: autoDraw = False
54.4230 	EXP 	grating: autoDraw = False
54.7286 	DATA 	Keypress: down
54.7631 	EXP 	New trial (rep=15, index=0): None
54.7720 	EXP 	fixation: autoDraw = False
54.7720 	EXP 	grating: autoDraw = False
54.7720 	EXP 	grating: ori = -2.0
54.7720 	EXP 	fixation: autoDraw = True
55.7557 	EXP 	grating: autoDraw = True
55.7725 	EXP 	fixation: autoDraw = False
56.0563 	EXP 	grating: autoDraw = False
56.5607 	EXP 	New trial (rep=16, index=0): None
56.5678 	DATA 	Keypress: down
56.5700 	EXP 	fixation: autoDraw = False
56.5700 	EXP 	grating: autoDraw = False
56.5700 	EXP 	grating: ori = 0.0
56.5700 	EXP 	fixation: autoDraw = True
57.5561 	EXP 	grating: autoDraw = True
57.5726 	EXP 	fixation: autoDraw = False
57.8563 	EXP 	grating: autoDraw = False
58.5761 	EXP 	New trial (rep=17, index=0): None
58.5833 	DATA 	Keypress: up
58.5855 	EXP 	fixation: autoDraw = False
58.5855 	EXP 	grating: autoDraw = False
58.5855 	EXP 	grating: ori = -1.0
58.5855 	EXP 	fixation: autoDraw = True
59.5729 	EXP 	grating: autoDraw = True
59.5893 	EXP 	fixation: autoDraw = False
59.8726 	EXP 	grating: autoDraw = False
60.2581 	EXP 	New trial (rep=18, index=0): None
60.2673 	DATA 	Keypress: down
60.2695 	EXP 	fixation: autoDraw = False
60.2695 	EXP 	grating: autoDraw = False
60.2695 	EXP 	grating: ori = 0.0
60.2695 	EXP 	fixation: autoDraw = True
61.2559 	EXP 	grating: autoDraw = True
61.2725 	EXP 	fixation: autoDraw = False
61.5558 	EXP 	grating: autoDraw = False
62.4414 	EXP 	New trial (rep=19, index=0): None
62.4490 	DATA 	Keypress: up
62.4513 	EXP 	fixation: autoDraw = False
62.4513 	EXP 	grating: autoDraw = False
62.4513 	EXP 	grating: ori = 0.0
62.4513 	EXP 	fixation: autoDraw = True
63.4390 	EXP 	grating: autoDraw = True
63.4557 	EXP 	fixation: autoDraw = False
63.7388 	EXP 	grating: autoDraw = False
64.0795 	DATA 	Keypress: up
64.1153 	EXP 	New trial (rep=20, index=0): None
64.1251 	EXP 	fixation: autoDraw = False
64.1251 	EXP 	grating: autoDraw = False
64.1251 	EXP 	grating: ori = -1.0
64.1251 	EXP 	fixation: autoDraw = True
65.1221 	EXP 	grating: autoDraw = True
65.1386 	EXP 	fixation: autoDraw = False
65.4222 	EXP 	grating: autoDraw = False
65.7751 	EXP 	New trial (rep=21, index=0): None
65.7824 	DATA 	Keypress: up
65.7846 	EXP 	fixation: autoDraw = False
65.7846 	EXP 	grating: autoDraw = False
65.7846 	EXP 	grating: ori = 0.0
65.7846 	EXP 	fixation: autoDraw = True
66.7722 	EXP 	grating: autoDraw = True
66.7888 	EXP 	fixation: autoDraw = False
67.0720 	EXP 	grating: autoDraw = False
67.2254 	EXP 	New trial (rep=22, index=0): None
67.2324 	DATA 	Keypress: up
67.2346 	EXP 	fixation: autoDraw = False
67.2346 	EXP 	grating: autoDraw = False
67.2346 	EXP 	grating: ori = -3.0
67.2346 	EXP 	fixation: autoDraw = True
68.2217 	EXP 	grating: autoDraw = True
68.2383 	EXP 	fixation: autoDraw = False
68.5218 	EXP 	grating: autoDraw = False
68.9255 	EXP 	New trial (rep=23, index=0): None
68.9325 	DATA 	Keypress: down
68.9347 	EXP 	fixation: autoDraw = False
68.9347 	EXP 	grating: autoDraw = False
68.9347 	EXP 	grating: ori = 0.0
68.9347 	EXP 	fixation: autoDraw = True
69.9215 	EXP 	grating: autoDraw = True
69.9385 	EXP 	fixation: autoDraw = False
70.2215 	EXP 	grating: autoDraw = False
70.5916 	EXP 	New trial (rep=24, index=0): None
70.5983 	DATA 	Keypress: up
70.6005 	EXP 	fixation: autoDraw = False
70.6005 	EXP 	grating: autoDraw = False
70.6005 	EXP 	grating: ori = -3.0
70.6005 	EXP 	fixation: autoDraw = True
71.5881 	EXP 	grating: autoDraw = True
71.6048 	EXP 	fixation: autoDraw = False
71.8882 	EXP 	grating: autoDraw = False
72.1605 	DATA 	Keypress: down
72.1901 	EXP 	New trial (rep=25, index=0): None
72.1986 	EXP 	fixation: autoDraw = False
72.1986 	EXP 	grating: autoDraw = False
72.1986 	EXP 	grating: ori = 0.0
72.1986 	EXP 	fixation: autoDraw = True
73.1882 	EXP 	grating: autoDraw = True
73.2050 	EXP 	fixation: autoDraw = False
73.4882 	EXP 	grating: autoDraw = False
73.7579 	EXP 	New trial (rep=26, index=0): None
73.7650 	DATA 	Keypress: up
73.7672 	EXP 	fixation: autoDraw = False
73.7672 	EXP 	grating: autoDraw = False
73.7672 	EXP 	grating: ori = 0.0
73.7672 	EXP 	fixation: autoDraw = True
74.7544 	EXP 	grating: autoDraw = True
74.7714 	EXP 	fixation: autoDraw = False
75.0546 	EXP 	grating: autoDraw = False
75.4069 	EXP 	New trial (rep=27, index=0): None
75.4162 	DATA 	Keypress: up
75.4183 	EXP 	fixation: autoDraw = False
75.4183 	EXP 	grating: autoDraw = False
75.4183 	EXP 	grating: ori = 0.0
75.4183 	EXP 	fixation: autoDraw = True
76.4046 	EXP 	grating: autoDraw = True
76.4211 	EXP 	fixation: autoDraw = False
76.7045 	EXP 	grating: autoDraw = False
76.9770 	EXP 	New trial (rep=28, index=0): None
76.9844 	DATA 	Keypress: up
76.9871 	EXP 	fixation: autoDraw = False
76.9871 	EXP 	grating: autoDraw = False
76.9871 	EXP 	grating: ori = 0.0
76.9871 	EXP 	fixation: autoDraw = True
77.9709 	EXP 	grating: autoDraw = True
77.9874 	EXP 	fixation: autoDraw = False
78.2711 	EXP 	grating: autoDraw = False
78.4948 	DATA 	Keypress: up
78.5261 	EXP 	New trial (rep=29, index=0): None
78.5349 	EXP 	fixation: autoDraw = False
78.5349 	EXP 	grating: autoDraw = False
78.5349 	EXP 	grating: ori = -2.0
78.5349 	EXP 	fixation: autoDraw = True
79.5209 	EXP 	grating: autoDraw = True
79.5375 	EXP 	fixation: autoDraw = False
79.8209 	EXP 	grating: autoDraw = False
80.3749 	EXP 	New trial (rep=30, index=0): None
80.3826 	DATA 	Keypress: down
80.3849 	EXP 	fixation: autoDraw = False
80.3849 	EXP 	grating: autoDraw = False
80.3849 	EXP 	grating: ori = -1.0
80.3849 	EXP 	fixation: autoDraw = True
81.3708 	EXP 	grating: autoDraw = True
81.3873 	EXP 	fixation: autoDraw = False
81.6706 	EXP 	grating: autoDraw = False
82.1556 	EXP 	New trial (rep=31, index=0): None
82.1630 	DATA 	Keypress: down
82.1653 	EXP 	fixation: autoDraw = False
82.1653 	EXP 	grating: autoDraw = False
82.1653 	EXP 	grating: ori = 0.0
82.1653 	EXP 	fixation: autoDraw = True
83.1539 	EXP 	grating: autoDraw = True
83.1707 	EXP 	fixation: autoDraw = False
83.4539 	EXP 	grating: autoDraw = False
83.9600 	DATA 	Keypress: down
83.9997 	EXP 	New trial (rep=32, index=0): None
84.0118 	EXP 	fixation: autoDraw = False
84.0118 	EXP 	grating: autoDraw = False
84.0118 	EXP 	grating: ori = 0.0
84.0118 	EXP 	fixation: autoDraw = True
85.0038 	EXP 	grating: autoDraw = True
85.0205 	EXP 	fixation: autoDraw = False
85.3037 	EXP 	grating: autoDraw = False
85.4404 	EXP 	New trial (rep=33, index=0): None
85.4475 	DATA 	Keypress: up
85.4496 	EXP 	fixation: autoDraw = False
85.4496 	EXP 	grating: autoDraw = False
85.4496 	EXP 	grating: ori = -3.0
85.4496 	EXP 	fixation: autoDraw = True
86.4371 	EXP 	grating: autoDraw = True
86.4537 	EXP 	fixation: autoDraw = False
86.7368 	EXP 	grating: autoDraw = False
87.0742 	EXP 	New trial (rep=34, index=0): None
87.0819 	DATA 	Keypress: down
87.0841 	EXP 	fixation: autoDraw = False
87.0841 	EXP 	grating: autoDraw = False
87.0841 	EXP 	grating: ori = -3.0
87.0841 	EXP 	fixation: autoDraw = True
88.0702 	EXP 	grating: autoDraw = True
88.0868 	EXP 	fixation: autoDraw = False
88.3701 	EXP 	grating: autoDraw = False
88.7247 	EXP 	New trial (rep=35, index=0): None
88.7324 	DATA 	Keypress: down
88.7349 	EXP 	fixation: autoDraw = False
88.7349 	EXP 	grating: autoDraw = False
88.7349 	EXP 	grating: ori = 0.0
88.7349 	EXP 	fixation: autoDraw = True
89.7201 	EXP 	grating: autoDraw = True
89.7370 	EXP 	fixation: autoDraw = False
90.0198 	EXP 	grating: autoDraw = False
90.3133 	EXP 	New trial (rep=36, index=0): None
90.3233 	DATA 	Keypress: up
90.3259 	EXP 	fixation: autoDraw = False
90.3259 	EXP 	grating: autoDraw = False
90.3259 	EXP 	grating: ori = 4.0
90.3259 	EXP 	fixation: autoDraw = True
91.3200 	EXP 	grating: autoDraw = True
91.3367 	EXP 	fixation: autoDraw = False
91.6198 	EXP 	grating: autoDraw = False
91.9912 	EXP 	New trial (rep=37, index=0): None
91.9990 	DATA 	Keypress: down
92.0015 	EXP 	fixation: autoDraw = False
92.0015 	EXP 	grating: autoDraw = False
92.0015 	EXP 	grating: ori = 0.0
92.0015 	EXP 	fixation: autoDraw = True
92.9863 	EXP 	grating: autoDraw = True
93.0030 	EXP 	fixation: autoDraw = False
93.2862 	EXP 	grating: autoDraw = False
93.6557 	EXP 	New trial (rep=38, index=0): None
93.6629 	DATA 	Keypress: up
93.6651 	EXP 	fixation: autoDraw = False
93.6651 	EXP 	grating: autoDraw = False
93.6651 	EXP 	grating: ori = 0.0
93.6651 	EXP 	fixation: autoDraw = True
94.6529 	EXP 	grating: autoDraw = True
94.6695 	EXP 	fixation: autoDraw = False
94.9527 	EXP 	grating: autoDraw = False
95.1756 	DATA 	Keypress: up
95.2055 	EXP 	New trial (rep=39, index=0): None
95.2140 	EXP 	fixation: autoDraw = False
95.2140 	EXP 	grating: autoDraw = False
95.2140 	EXP 	grating: ori = 0.0
95.2140 	EXP 	fixation: autoDraw = True
96.2030 	EXP 	grating: autoDraw = True
96.2195 	EXP 	fixation: autoDraw = False
96.5027 	EXP 	grating: autoDraw = False
96.9751 	DATA 	Keypress: up
97.0046 	EXP 	New trial (rep=40, index=0): None
97.0133 	EXP 	fixation: autoDraw = False
97.0133 	EXP 	grating: autoDraw = False
97.0133 	EXP 	grating: ori = 2.0
97.0133 	EXP 	fixation: autoDraw = True
98.0029 	EXP 	grating: autoDraw = True
98.0192 	EXP 	fixation: autoDraw = False
98.3026 	EXP 	grating: autoDraw = False
98.5917 	DATA 	Keypress: down
98.6224 	EXP 	New trial (rep=41, index=0): None
98.6319 	EXP 	fixation: autoDraw = False
98.6319 	EXP 	grating: autoDraw = False
98.6319 	EXP 	grating: ori = 0.0
98.6319 	EXP 	fixation: autoDraw = True
99.6191 	EXP 	grating: autoDraw = True
99.6357 	EXP 	fixation: autoDraw = False
99.9190 	EXP 	grating: autoDraw = False
100.2229 	EXP 	New trial (rep=42, index=0): None
100.2297 	DATA 	Keypress: up
100.2320 	EXP 	fixation: autoDraw = False
100.2320 	EXP 	grating: autoDraw = False
100.2320 	EXP 	grating: ori = 0.0
100.2320 	EXP 	fixation: autoDraw = True
101.2189 	EXP 	grating: autoDraw = True
101.2358 	EXP 	fixation: autoDraw = False
101.5189 	EXP 	grating: autoDraw = False
101.7217 	EXP 	New trial (rep=43, index=0): None
101.7286 	DATA 	Keypress: up
101.7309 	EXP 	fixation: autoDraw = False
101.7309 	EXP 	grating: autoDraw = False
101.7309 	EXP 	grating: ori = -3.0
101.7309 	EXP 	fixation: autoDraw = True
102.7189 	EXP 	grating: autoDraw = True
102.7353 	EXP 	fixation: autoDraw = False
103.0188 	EXP 	grating: autoDraw = False
103.3723 	EXP 	New trial (rep=44, index=0): None
103.3807 	DATA 	Keypress: down
103.3829 	EXP 	fixation: autoDraw = False
103.3829 	EXP 	grating: autoDraw = False
103.3829 	EXP 	grating: ori = 0.0
103.3829 	EXP 	fixation: autoDraw = True
104.3687 	EXP 	grating: autoDraw = True
104.3855 	EXP 	fixation: autoDraw = False
104.6686 	EXP 	grating: autoDraw = False
104.9912 	EXP 	New trial (rep=45, index=0): None
104.9983 	DATA 	Keypress: up
105.0007 	EXP 	fixation: autoDraw = False
105.0007 	EXP 	grating: autoDraw = False
105.0007 	EXP 	grating: ori = -5.0
105.0007 	EXP 	fixation: autoDraw = True
105.9851 	EXP 	grating: autoDraw = True
106.0018 	EXP 	fixation: autoDraw = False
106.2853 	EXP 	grating: autoDraw = False
106.5381 	EXP 	New trial (rep=46, index=0): None
106.5460 	DATA 	Keypress: down
106.5481 	EXP 	fixation: autoDraw = False
106.5481 	EXP 	grating: autoDraw = False
106.5481 	EXP 	grating: ori = 0.0
106.5481 	EXP 	fixation: autoDraw = True
107.5351 	EXP 	grating: autoDraw = True
107.5519 	EXP 	fixation: autoDraw = False
107.8352 	EXP 	grating: autoDraw = False
108.1722 	EXP 	New trial (rep=47, index=0): None
108.1791 	DATA 	Keypress: up
108.1813 	EXP 	fixation: autoDraw = False
108.1813 	EXP 	grating: autoDraw = False
108.1813 	EXP 	grating: ori = 0.0
108.1813 	EXP 	fixation: autoDraw = True
109.1681 	EXP 	grating: autoDraw = True
109.1848 	EXP 	fixation: autoDraw = False
109.4684 	EXP 	grating: autoDraw = False
109.8045 	EXP 	New trial (rep=48, index=0): None
109.8125 	DATA 	Keypress: up
109.8146 	EXP 	fixation: autoDraw = False
109.8146 	EXP 	grating: autoDraw = False
109.8146 	EXP 	grating: ori = 0.0
109.8146 	EXP 	fixation: autoDraw = True
110.8015 	EXP 	grating: autoDraw = True
110.8181 	EXP 	fixation: autoDraw = False
111.1014 	EXP 	grating: autoDraw = False
111.4740 	DATA 	Keypress: up
111.5056 	EXP 	New trial (rep=49, index=0): None
111.5150 	EXP 	fixation: autoDraw = False
111.5150 	EXP 	grating: autoDraw = False
111.5150 	EXP 	grating: ori = -1.0
111.5150 	EXP 	fixation: autoDraw = True
112.5012 	EXP 	grating: autoDraw = True
112.5180 	EXP 	fixation: autoDraw = False
112.8012 	EXP 	grating: autoDraw = False
114.1077 	DATA 	Keypress: up
114.1378 	EXP 	New trial (rep=50, index=0): None
114.1465 	EXP 	fixation: autoDraw = False
114.1465 	EXP 	grating: autoDraw = False
114.1465 	EXP 	grating: ori = 0.0
114.1465 	EXP 	fixation: autoDraw = True
115.1344 	EXP 	grating: autoDraw = True
115.1513 	EXP 	fixation: autoDraw = False
115.4342 	EXP 	grating: autoDraw = False
115.7575 	EXP 	New trial (rep=51, index=0): None
115.7647 	DATA 	Keypress: up
115.7671 	EXP 	fixation: autoDraw = False
115.7671 	EXP 	grating: autoDraw = False
115.7671 	EXP 	grating: ori = 0.0
115.7671 	EXP 	fixation: autoDraw = True
116.7508 	EXP 	grating: autoDraw = True
116.7676 	EXP 	fixation: autoDraw = False
117.0510 	EXP 	grating: autoDraw = False
117.3574 	EXP 	New trial (rep=52, index=0): None
117.3662 	DATA 	Keypress: up
117.3686 	EXP 	fixation: autoDraw = False
117.3686 	EXP 	grating: autoDraw = False
117.3686 	EXP 	grating: ori = 3.0
117.3686 	EXP 	fixation: autoDraw = True
118.3508 	EXP 	grating: autoDraw = True
118.3843 	EXP 	fixation: autoDraw = False
118.6506 	EXP 	grating: autoDraw = False
118.8952 	EXP 	New trial (rep=53, index=0): None
118.9063 	DATA 	Keypress: down
118.9087 	EXP 	fixation: autoDraw = False
118.9087 	EXP 	grating: autoDraw = False
118.9087 	EXP 	grating: ori = 0.0
118.9087 	EXP 	fixation: autoDraw = True
119.9007 	EXP 	grating: autoDraw = True
119.9174 	EXP 	fixation: autoDraw = False
120.2008 	EXP 	grating: autoDraw = False
121.5741 	DATA 	Keypress: down
121.6055 	EXP 	New trial (rep=54, index=0): None
121.6161 	EXP 	fixation: autoDraw = False
121.6161 	EXP 	grating: autoDraw = False
121.6161 	EXP 	grating: ori = 1.0
121.6161 	EXP 	fixation: autoDraw = True
122.6007 	EXP 	grating: autoDraw = True
122.6173 	EXP 	fixation: autoDraw = False
122.9004 	EXP 	grating: autoDraw = False
123.3382 	EXP 	New trial (rep=55, index=0): None
123.3456 	DATA 	Keypress: down
123.3478 	EXP 	fixation: autoDraw = False
123.3478 	EXP 	grating: autoDraw = False
123.3478 	EXP 	grating: ori = -4.0
123.3478 	EXP 	fixation: autoDraw = True
124.3337 	EXP 	grating: autoDraw = True
124.3505 	EXP 	fixation: autoDraw = False
124.6336 	EXP 	grating: autoDraw = False
124.8581 	EXP 	New trial (rep=56, index=0): None
124.8699 	DATA 	Keypress: down
124.8721 	EXP 	fixation: autoDraw = False
124.8721 	EXP 	grating: autoDraw = False
124.8721 	EXP 	grating: ori = 3.0
124.8721 	EXP 	fixation: autoDraw = True
125.8504 	EXP 	grating: autoDraw = True
125.8838 	EXP 	fixation: autoDraw = False
126.1502 	EXP 	grating: autoDraw = False
126.3365 	EXP 	New trial (rep=57, index=0): None
126.3444 	DATA 	Keypress: down
126.3466 	EXP 	fixation: autoDraw = False
126.3466 	EXP 	grating: autoDraw = False
126.3466 	EXP 	grating: ori = -4.0
126.3466 	EXP 	fixation: autoDraw = True
127.3335 	EXP 	grating: autoDraw = True
127.3502 	EXP 	fixation: autoDraw = False
127.6336 	EXP 	grating: autoDraw = False
127.8041 	EXP 	New trial (rep=58, index=0): None
127.8112 	DATA 	Keypress: down
127.8133 	EXP 	fixation: autoDraw = False
127.8133 	EXP 	grating: autoDraw = False
127.8133 	EXP 	grating: ori = 0.0
127.8133 	EXP 	fixation: autoDraw = True
128.8001 	EXP 	grating: autoDraw = True
128.8168 	EXP 	fixation: autoDraw = False
129.1001 	EXP 	grating: autoDraw = False
129.3098 	EXP 	New trial (rep=59, index=0): None
129.3182 	DATA 	Keypress: up
129.3204 	EXP 	fixation: autoDraw = False
129.3204 	EXP 	grating: autoDraw = False
129.3204 	EXP 	grating: ori = -2.0
129.3204 	EXP 	fixation: autoDraw = True
130.3165 	EXP 	grating: autoDraw = True
130.3333 	EXP 	fixation: autoDraw = False
130.6164 	EXP 	grating: autoDraw = False
130.9041 	EXP 	New trial (rep=60, index=0): None
130.9106 	DATA 	Keypress: down
130.9127 	EXP 	fixation: autoDraw = False
130.9127 	EXP 	grating: autoDraw = False
130.9127 	EXP 	grating: ori = 4.0
130.9127 	EXP 	fixation: autoDraw = True
131.8997 	EXP 	grating: autoDraw = True
131.9165 	EXP 	fixation: autoDraw = False
132.1996 	EXP 	grating: autoDraw = False
132.4023 	EXP 	New trial (rep=61, index=0): None
132.4098 	DATA 	Keypress: down
132.4120 	EXP 	fixation: autoDraw = False
132.4120 	EXP 	grating: autoDraw = False
132.4120 	EXP 	grating: ori = -4.0
132.4120 	EXP 	fixation: autoDraw = True
133.3996 	EXP 	grating: autoDraw = True
133.4163 	EXP 	fixation: autoDraw = False
133.6995 	EXP 	grating: autoDraw = False
133.8897 	DATA 	Keypress: down
133.9192 	EXP 	New trial (rep=62, index=0): None
133.9280 	EXP 	fixation: autoDraw = False
133.9280 	EXP 	grating: autoDraw = False
133.9280 	EXP 	grating: ori = 0.0
133.9280 	EXP 	fixation: autoDraw = True
134.9159 	EXP 	grating: autoDraw = True
134.9326 	EXP 	fixation: autoDraw = False
135.2160 	EXP 	grating: autoDraw = False
135.8197 	EXP 	New trial (rep=63, index=0): None
135.8273 	DATA 	Keypress: down
135.8295 	EXP 	fixation: autoDraw = False
135.8295 	EXP 	grating: autoDraw = False
135.8295 	EXP 	grating: ori = 0.0
135.8295 	EXP 	fixation: autoDraw = True
136.8160 	EXP 	grating: autoDraw = True
136.8327 	EXP 	fixation: autoDraw = False
137.1157 	EXP 	grating: autoDraw = False
137.2889 	EXP 	New trial (rep=64, index=0): None
137.2960 	DATA 	Keypress: up
137.2984 	EXP 	fixation: autoDraw = False
137.2984 	EXP 	grating: autoDraw = False
137.2984 	EXP 	grating: ori = 0.0
137.2984 	EXP 	fixation: autoDraw = True
138.2825 	EXP 	grating: autoDraw = True
138.2993 	EXP 	fixation: autoDraw = False
138.5825 	EXP 	grating: autoDraw = False
138.7405 	EXP 	New trial (rep=65, index=0): None
138.7490 	DATA 	Keypress: down
138.7513 	EXP 	fixation: autoDraw = False
138.7513 	EXP 	grating: autoDraw = False
138.7513 	EXP 	grating: ori = 0.0
138.7513 	EXP 	fixation: autoDraw = True
139.7325 	EXP 	grating: autoDraw = True
139.7655 	EXP 	fixation: autoDraw = False
140.0324 	EXP 	grating: autoDraw = False
140.3719 	DATA 	Keypress: up
140.4027 	EXP 	New trial (rep=66, index=0): None
140.4115 	EXP 	fixation: autoDraw = False
140.4115 	EXP 	grating: autoDraw = False
140.4115 	EXP 	grating: ori = 1.0
140.4115 	EXP 	fixation: autoDraw = True
141.3989 	EXP 	grating: autoDraw = True
141.4155 	EXP 	fixation: autoDraw = False
141.6988 	EXP 	grating: autoDraw = False
142.0720 	DATA 	Keypress: down
142.1008 	EXP 	New trial (rep=67, index=0): None
142.1093 	EXP 	fixation: autoDraw = False
142.1093 	EXP 	grating: autoDraw = False
142.1093 	EXP 	grating: ori = 0.0
142.1093 	EXP 	fixation: autoDraw = True
143.0987 	EXP 	grating: autoDraw = True
143.1156 	EXP 	fixation: autoDraw = False
143.3987 	EXP 	grating: autoDraw = False
143.8189 	EXP 	New trial (rep=68, index=0): None
143.8251 	DATA 	Keypress: down
143.8273 	EXP 	fixation: autoDraw = False
143.8273 	EXP 	grating: autoDraw = False
143.8273 	EXP 	grating: ori = 4.0
143.8273 	EXP 	fixation: autoDraw = True
144.8155 	EXP 	grating: autoDraw = True
144.8318 	EXP 	fixation: autoDraw = False
145.1150 	EXP 	grating: autoDraw = False
145.4008 	EXP 	New trial (rep=69, index=0): None
145.4084 	DATA 	Keypress: down
145.4106 	EXP 	fixation: autoDraw = False
145.4106 	EXP 	grating: autoDraw = False
145.4106 	EXP 	grating: ori = 1.0
145.4106 	EXP 	fixation: autoDraw = True
146.3984 	EXP 	grating: autoDraw = True
146.4152 	EXP 	fixation: autoDraw = False
146.6983 	EXP 	grating: autoDraw = False
147.0125 	EXP 	New trial (rep=70, index=0): None
147.0193 	DATA 	Keypress: down
147.0214 	EXP 	fixation: autoDraw = False
147.0214 	EXP 	grating: autoDraw = False
147.0214 	EXP 	grating: ori = 0.0
147.0214 	EXP 	fixation: autoDraw = True
148.0150 	EXP 	grating: autoDraw = True
148.0315 	EXP 	fixation: autoDraw = False
148.3150 	EXP 	grating: autoDraw = False
148.9518 	EXP 	New trial (rep=71, index=0): None
148.9591 	DATA 	Keypress: down
148.9613 	EXP 	fixation: autoDraw = False
148.9613 	EXP 	grating: autoDraw = False
148.9613 	EXP 	grating: ori = 0.0
148.9613 	EXP 	fixation: autoDraw = True
149.9480 	EXP 	grating: autoDraw = True
149.9647 	EXP 	fixation: autoDraw = False
150.2480 	EXP 	grating: autoDraw = False
150.7848 	EXP 	New trial (rep=72, index=0): None
150.7923 	DATA 	Keypress: up
150.7946 	EXP 	fixation: autoDraw = False
150.7946 	EXP 	grating: autoDraw = False
150.7946 	EXP 	grating: ori = 0.0
150.7946 	EXP 	fixation: autoDraw = True
151.7815 	EXP 	grating: autoDraw = True
151.7979 	EXP 	fixation: autoDraw = False
152.0815 	EXP 	grating: autoDraw = False
152.6171 	EXP 	New trial (rep=73, index=0): None
152.6246 	DATA 	Keypress: down
152.6269 	EXP 	fixation: autoDraw = False
152.6269 	EXP 	grating: autoDraw = False
152.6269 	EXP 	grating: ori = 1.0
152.6269 	EXP 	fixation: autoDraw = True
153.6146 	EXP 	grating: autoDraw = True
153.6311 	EXP 	fixation: autoDraw = False
153.9145 	EXP 	grating: autoDraw = False
154.1851 	EXP 	New trial (rep=74, index=0): None
154.1940 	DATA 	Keypress: down
154.1963 	EXP 	fixation: autoDraw = False
154.1963 	EXP 	grating: autoDraw = False
154.1963 	EXP 	grating: ori = 0.0
154.1963 	EXP 	fixation: autoDraw = True
155.1813 	EXP 	grating: autoDraw = True
155.1978 	EXP 	fixation: autoDraw = False
155.4809 	EXP 	grating: autoDraw = False
155.7841 	EXP 	New trial (rep=75, index=0): None
155.7916 	DATA 	Keypress: down
155.7937 	EXP 	fixation: autoDraw = False
155.7937 	EXP 	grating: autoDraw = False
155.7937 	EXP 	grating: ori = 0.0
155.7937 	EXP 	fixation: autoDraw = True
156.7809 	EXP 	grating: autoDraw = True
156.7976 	EXP 	fixation: autoDraw = False
157.0807 	EXP 	grating: autoDraw = False
157.3676 	EXP 	New trial (rep=76, index=0): None
157.3749 	DATA 	Keypress: down
157.3770 	EXP 	fixation: autoDraw = False
157.3770 	EXP 	grating: autoDraw = False
157.3770 	EXP 	grating: ori = 0.0
157.3770 	EXP 	fixation: autoDraw = True
158.3642 	EXP 	grating: autoDraw = True
158.3809 	EXP 	fixation: autoDraw = False
158.6638 	EXP 	grating: autoDraw = False
158.9704 	DATA 	Keypress: down
159.0017 	EXP 	New trial (rep=77, index=0): None
159.0104 	EXP 	fixation: autoDraw = False
159.0104 	EXP 	grating: autoDraw = False
159.0104 	EXP 	grating: ori = 0.0
159.0104 	EXP 	fixation: autoDraw = True
159.9974 	EXP 	grating: autoDraw = True
160.0138 	EXP 	fixation: autoDraw = False
160.2972 	EXP 	grating: autoDraw = False
160.4698 	EXP 	New trial (rep=78, index=0): None
160.4775 	DATA 	Keypress: up
160.4798 	EXP 	fixation: autoDraw = False
160.4798 	EXP 	grating: autoDraw = False
160.4798 	EXP 	grating: ori = -2.0
160.4798 	EXP 	fixation: autoDraw = True
161.4635 	EXP 	grating: autoDraw = True
161.4803 	EXP 	fixation: autoDraw = False
161.7635 	EXP 	grating: autoDraw = False
162.3154 	EXP 	New trial (rep=79, index=0): None
162.3226 	DATA 	Keypress: down
162.3248 	EXP 	fixation: autoDraw = False
162.3248 	EXP 	grating: autoDraw = False
162.3248 	EXP 	grating: ori = 0.0
162.3248 	EXP 	fixation: autoDraw = True
163.3138 	EXP 	grating: autoDraw = True
163.3305 	EXP 	fixation: autoDraw = False
163.6136 	EXP 	grating: autoDraw = False
163.9854 	DATA 	Keypress: up
164.0157 	EXP 	New trial (rep=80, index=0): None
164.0244 	EXP 	fixation: autoDraw = False
164.0244 	EXP 	grating: autoDraw = False
164.0244 	EXP 	grating: ori = 0.0
164.0244 	EXP 	fixation: autoDraw = True
165.0136 	EXP 	grating: autoDraw = True
165.0302 	EXP 	fixation: autoDraw = False
165.3135 	EXP 	grating: autoDraw = False
165.7527 	DATA 	Keypress: up
165.7851 	EXP 	New trial (rep=81, index=0): None
165.7939 	EXP 	fixation: autoDraw = False
165.7939 	EXP 	grating: autoDraw = False
165.7939 	EXP 	grating: ori = 0.0
165.7939 	EXP 	fixation: autoDraw = True
166.7799 	EXP 	grating: autoDraw = True
166.7968 	EXP 	fixation: autoDraw = False
167.0799 	EXP 	grating: autoDraw = False
167.3869 	EXP 	New trial (rep=82, index=0): None
167.3953 	DATA 	Keypress: up
167.3979 	EXP 	fixation: autoDraw = False
167.3979 	EXP 	grating: autoDraw = False
167.3979 	EXP 	grating: ori = 3.0
167.3979 	EXP 	fixation: autoDraw = True
168.3799 	EXP 	grating: autoDraw = True
168.4133 	EXP 	fixation: autoDraw = False
168.6797 	EXP 	grating: autoDraw = False
168.9476 	EXP 	New trial (rep=83, index=0): None
168.9537 	DATA 	Keypress: down
168.9560 	EXP 	fixation: autoDraw = False
168.9560 	EXP 	grating: autoDraw = False
168.9560 	EXP 	grating: ori = 2.0
168.9560 	EXP 	fixation: autoDraw = True
169.9466 	EXP 	grating: autoDraw = True
169.9631 	EXP 	fixation: autoDraw = False
170.2462 	EXP 	grating: autoDraw = False
170.4854 	DATA 	Keypress: down
170.5171 	EXP 	New trial (rep=84, index=0): None
170.5258 	EXP 	fixation: autoDraw = False
170.5258 	EXP 	grating: autoDraw = False
170.5258 	EXP 	grating: ori = 0.0
170.5258 	EXP 	fixation: autoDraw = True
171.5130 	EXP 	grating: autoDraw = True
171.5297 	EXP 	fixation: autoDraw = False
171.8128 	EXP 	grating: autoDraw = False
172.4822 	EXP 	New trial (rep=85, index=0): None
172.4892 	DATA 	Keypress: down
172.4914 	EXP 	fixation: autoDraw = False
172.4914 	EXP 	grating: autoDraw = False
172.4914 	EXP 	grating: ori = -5.0
172.4914 	EXP 	fixation: autoDraw = True
173.4793 	EXP 	grating: autoDraw = True
173.4961 	EXP 	fixation: autoDraw = False
173.7792 	EXP 	grating: autoDraw = False
174.1332 	EXP 	New trial (rep=86, index=0): None
174.1406 	DATA 	Keypress: down
174.1428 	EXP 	fixation: autoDraw = False
174.1428 	EXP 	grating: autoDraw = False
174.1428 	EXP 	grating: ori = 0.0
174.1428 	EXP 	fixation: autoDraw = True
175.1291 	EXP 	grating: autoDraw = True
175.1458 	EXP 	fixation: autoDraw = False
175.4291 	EXP 	grating: autoDraw = False
176.5197 	DATA 	Keypress: down
176.5514 	EXP 	New trial (rep=87, index=0): None
176.5597 	EXP 	fixation: autoDraw = False
176.5597 	EXP 	grating: autoDraw = False
176.5597 	EXP 	grating: ori = -4.0
176.5597 	EXP 	fixation: autoDraw = True
177.5457 	EXP 	grating: autoDraw = True
177.5623 	EXP 	fixation: autoDraw = False
177.8459 	EXP 	grating: autoDraw = False
178.1506 	EXP 	New trial (rep=88, index=0): None
178.1582 	DATA 	Keypress: down
178.1607 	EXP 	fixation: autoDraw = False
178.1607 	EXP 	grating: autoDraw = False
178.1607 	EXP 	grating: ori = -3.0
178.1607 	EXP 	fixation: autoDraw = True
179.1456 	EXP 	grating: autoDraw = True
179.1623 	EXP 	fixation: autoDraw = False
179.4455 	EXP 	grating: autoDraw = False
179.6682 	EXP 	New trial (rep=89, index=0): None
179.6761 	DATA 	Keypress: down
179.6790 	EXP 	fixation: autoDraw = False
179.6790 	EXP 	grating: autoDraw = False
179.6790 	EXP 	grating: ori = -2.0
179.6790 	EXP 	fixation: autoDraw = True
180.6620 	EXP 	grating: autoDraw = True
180.6789 	EXP 	fixation: autoDraw = False
180.9620 	EXP 	grating: autoDraw = False
181.4548 	EXP 	New trial (rep=90, index=0): None
181.4639 	DATA 	Keypress: down
181.4661 	EXP 	fixation: autoDraw = False
181.4661 	EXP 	grating: autoDraw = False
181.4661 	EXP 	grating: ori = 0.0
181.4661 	EXP 	fixation: autoDraw = True
182.4620 	EXP 	grating: autoDraw = True
182.4784 	EXP 	fixation: autoDraw = False
182.7620 	EXP 	grating: autoDraw = False
182.9140 	EXP 	New trial (rep=91, index=0): None
182.9216 	DATA 	Keypress: up
182.9238 	EXP 	fixation: autoDraw = False
182.9238 	EXP 	grating: autoDraw = False
182.9238 	EXP 	grating: ori = 0.0
182.9238 	EXP 	fixation: autoDraw = True
183.9117 	EXP 	grating: autoDraw = True
183.9284 	EXP 	fixation: autoDraw = False
184.2119 	EXP 	grating: autoDraw = False
184.4148 	EXP 	New trial (rep=92, index=0): None
184.4218 	DATA 	Keypress: up
184.4240 	EXP 	fixation: autoDraw = False
184.4240 	EXP 	grating: autoDraw = False
184.4240 	EXP 	grating: ori = 3.0
184.4240 	EXP 	fixation: autoDraw = True
185.4118 	EXP 	grating: autoDraw = True
185.4283 	EXP 	fixation: autoDraw = False
185.7116 	EXP 	grating: autoDraw = False
186.0153 	EXP 	New trial (rep=93, index=0): None
186.0224 	DATA 	Keypress: down
186.0246 	EXP 	fixation: autoDraw = False
186.0246 	EXP 	grating: autoDraw = False
186.0246 	EXP 	grating: ori = 4.0
186.0246 	EXP 	fixation: autoDraw = True
187.0114 	EXP 	grating: autoDraw = True
187.0284 	EXP 	fixation: autoDraw = False
187.3114 	EXP 	grating: autoDraw = False
187.4643 	EXP 	New trial (rep=94, index=0): None
187.4716 	DATA 	Keypress: down
187.4737 	EXP 	fixation: autoDraw = False
187.4737 	EXP 	grating: autoDraw = False
187.4737 	EXP 	grating: ori = 0.0
187.4737 	EXP 	fixation: autoDraw = True
188.4614 	EXP 	grating: autoDraw = True
188.4782 	EXP 	fixation: autoDraw = False
188.7614 	EXP 	grating: autoDraw = False
188.9468 	EXP 	New trial (rep=95, index=0): None
188.9539 	DATA 	Keypress: down
188.9560 	EXP 	fixation: autoDraw = False
188.9560 	EXP 	grating: autoDraw = False
188.9560 	EXP 	grating: ori = -1.0
188.9560 	EXP 	fixation: autoDraw = True
189.9447 	EXP 	grating: autoDraw = True
189.9613 	EXP 	fixation: autoDraw = False
190.2443 	EXP 	grating: autoDraw = False
190.5142 	EXP 	New trial (rep=96, index=0): None
190.5215 	DATA 	Keypress: up
190.5236 	EXP 	fixation: autoDraw = False
190.5236 	EXP 	grating: autoDraw = False
190.5236 	EXP 	grating: ori = 0.0
190.5236 	EXP 	fixation: autoDraw = True
191.5115 	EXP 	grating: autoDraw = True
191.5278 	EXP 	fixation: autoDraw = False
191.8112 	EXP 	grating: autoDraw = False
191.9171 	DATA 	Keypress: down
191.9477 	EXP 	New trial (rep=97, index=0): None
191.9567 	EXP 	fixation: autoDraw = False
191.9567 	EXP 	grating: autoDraw = False
191.9567 	EXP 	grating: ori = 0.0
191.9567 	EXP 	fixation: autoDraw = True
192.9443 	EXP 	grating: autoDraw = True
192.9610 	EXP 	fixation: autoDraw = False
193.2444 	EXP 	grating: autoDraw = False
194.1811 	EXP 	New trial (rep=98, index=0): None
194.1884 	DATA 	Keypress: up
194.1906 	EXP 	fixation: autoDraw = False
194.1906 	EXP 	grating: autoDraw = False
194.1906 	EXP 	grating: ori = 1.0
194.1906 	EXP 	fixation: autoDraw = True
195.1776 	EXP 	grating: autoDraw = True
195.1943 	EXP 	fixation: autoDraw = False
195.4776 	EXP 	grating: autoDraw = False
195.7304 	EXP 	New trial (rep=99, index=0): None
195.7379 	DATA 	Keypress: up
195.7402 	EXP 	fixation: autoDraw = False
195.7402 	EXP 	grating: autoDraw = False
195.7402 	EXP 	grating: ori = 0.0
195.7402 	EXP 	fixation: autoDraw = True
196.7275 	EXP 	grating: autoDraw = True
196.7440 	EXP 	fixation: autoDraw = False
197.0272 	EXP 	grating: autoDraw = False
197.3671 	DATA 	Keypress: down
197.3963 	EXP 	fixation: autoDraw = False
197.3963 	EXP 	grating: autoDraw = False
197.7501 	EXP 	window1: mouseVisible = True
